#
# There is insufficient memory for the Java Runtime Environment to continue.
# Native memory allocation (malloc) failed to allocate 1076080 bytes for Chunk::new
# Possible reasons:
#   The system is out of physical RAM or swap space
#   The process is running with CompressedOops enabled, and the Java Heap may be blocking the growth of the native heap
# Possible solutions:
#   Reduce memory load on the system
#   Increase physical memory or swap space
#   Check if swap backing store is full
#   Decrease Java heap size (-Xmx/-Xms)
#   Decrease number of Java threads
#   Decrease Java thread stack sizes (-Xss)
#   Set larger code cache with -XX:ReservedCodeCacheSize=
#   JVM is running with Unscaled Compressed Oops mode in which the Java heap is
#     placed in the first 4GB address space. The Java Heap base address is the
#     maximum limit for the native heap growth. Please use -XX:HeapBaseMinAddress
#     to set the Java Heap base and to place the Java Heap above 4GB virtual address.
# This output file may be truncated or incomplete.
#
#  Out of Memory Error (arena.cpp:189), pid=18308, tid=18040
#
# JRE version: OpenJDK Runtime Environment JBR-17.0.7+10-829.16-jcef (17.0.7+10) (build 17.0.7+10-b829.16)
# Java VM: OpenJDK 64-Bit Server VM JBR-17.0.7+10-829.16-jcef (17.0.7+10-b829.16, mixed mode, tiered, compressed oops, compressed class ptrs, g1 gc, windows-amd64)
# No core dump will be written. Minidumps are not enabled by default on client versions of Windows
#

---------------  S U M M A R Y ------------

Command Line: -Djava.rmi.server.hostname=127.0.0.1 -Duser.timezone=UTC -Xmx750m -Xms128m --add-exports=java.desktop/sun.awt=ALL-UNNAMED --add-exports=java.desktop/java.awt.peer=ALL-UNNAMED --add-opens=java.desktop/java.awt=ALL-UNNAMED --add-opens=jdk.unsupported/sun.misc=ALL-UNNAMED --add-opens=java.base/java.nio=ALL-UNNAMED --add-opens=java.base/java.util=ALL-UNNAMED -Dfile.encoding=UTF-8 com.intellij.database.remote.RemoteJdbcServer org.postgresql.Driver

Host: AMD Ryzen 5 4500U with Radeon Graphics         , 6 cores, 3G,  Windows 10 , 64 bit Build 19041 (10.0.19041.3636)
Time: Sat Jan 20 13:33:26 2024 Maroc (heure d64 bit Build 19041 (10.0.19041.3636) elapsed time: 1.984857 seconds (0d 0h 0m 1s)

---------------  T H R E A D  ---------------

Current thread (0x00000204a7558dd0):  JavaThread "C2 CompilerThread0" daemon [_thread_in_native, id=18040, stack(0x0000005e42500000,0x0000005e42600000)]


Current CompileTask:
C2:   1985  907       4       jdk.internal.org.objectweb.asm.Frame::execute (2305 bytes)

Stack: [0x0000005e42500000,0x0000005e42600000]
Native frames: (J=compiled Java code, j=interpreted, Vv=VM code, C=native code)
V  [jvm.dll+0x683cca]
V  [jvm.dll+0x8424b4]
V  [jvm.dll+0x843cae]
V  [jvm.dll+0x844313]
V  [jvm.dll+0x24ad2f]
V  [jvm.dll+0xac25c]
V  [jvm.dll+0xac82c]
V  [jvm.dll+0x36a187]
V  [jvm.dll+0x1be138]
V  [jvm.dll+0x21d3a9]
V  [jvm.dll+0x21c671]
V  [jvm.dll+0x1a605d]
V  [jvm.dll+0x22c148]
V  [jvm.dll+0x22a209]
V  [jvm.dll+0x7f863c]
V  [jvm.dll+0x7f2b9a]
V  [jvm.dll+0x682b05]
C  [ucrtbase.dll+0x21bb2]
C  [KERNEL32.DLL+0x17344]
C  [ntdll.dll+0x526b1]


---------------  P R O C E S S  ---------------

Threads class SMR info:
_java_thread_list=0x00000204ad19fd20, length=22, elements={
0x000002049072c5d0, 0x00000204a73e3260, 0x00000204a73e4f80, 0x00000204a740a4d0,
0x00000204a740ce90, 0x00000204a740d840, 0x00000204a740e800, 0x00000204a7558dd0,
0x00000204a755baf0, 0x00000204a755c4e0, 0x00000204a76c7de0, 0x00000204a76eb590,
0x00000204ac143ec0, 0x00000204a7789ec0, 0x00000204a778a390, 0x00000204a778b080,
0x00000204ac297b90, 0x00000204ac298060, 0x00000204ac131bb0, 0x00000204ac12f060,
0x00000204ac1316e0, 0x00000204ad19f580
}

Java Threads: ( => current thread )
  0x000002049072c5d0 JavaThread "main" [_thread_blocked, id=4460, stack(0x0000005e41800000,0x0000005e41900000)]
  0x00000204a73e3260 JavaThread "Reference Handler" daemon [_thread_blocked, id=16604, stack(0x0000005e41f00000,0x0000005e42000000)]
  0x00000204a73e4f80 JavaThread "Finalizer" daemon [_thread_blocked, id=2684, stack(0x0000005e42000000,0x0000005e42100000)]
  0x00000204a740a4d0 JavaThread "Signal Dispatcher" daemon [_thread_blocked, id=3796, stack(0x0000005e42100000,0x0000005e42200000)]
  0x00000204a740ce90 JavaThread "Attach Listener" daemon [_thread_blocked, id=17456, stack(0x0000005e42200000,0x0000005e42300000)]
  0x00000204a740d840 JavaThread "Service Thread" daemon [_thread_blocked, id=7844, stack(0x0000005e42300000,0x0000005e42400000)]
  0x00000204a740e800 JavaThread "Monitor Deflation Thread" daemon [_thread_blocked, id=17992, stack(0x0000005e42400000,0x0000005e42500000)]
=>0x00000204a7558dd0 JavaThread "C2 CompilerThread0" daemon [_thread_in_native, id=18040, stack(0x0000005e42500000,0x0000005e42600000)]
  0x00000204a755baf0 JavaThread "C1 CompilerThread0" daemon [_thread_in_native, id=14276, stack(0x0000005e42600000,0x0000005e42700000)]
  0x00000204a755c4e0 JavaThread "Sweeper thread" daemon [_thread_blocked, id=12164, stack(0x0000005e42700000,0x0000005e42800000)]
  0x00000204a76c7de0 JavaThread "Common-Cleaner" daemon [_thread_blocked, id=2216, stack(0x0000005e42800000,0x0000005e42900000)]
  0x00000204a76eb590 JavaThread "Notification Thread" daemon [_thread_blocked, id=16540, stack(0x0000005e42900000,0x0000005e42a00000)]
  0x00000204ac143ec0 JavaThread "RMI TCP Accept-60426" daemon [_thread_in_native, id=8028, stack(0x0000005e42b00000,0x0000005e42c00000)]
  0x00000204a7789ec0 JavaThread "RMI TCP Accept-0" daemon [_thread_in_native, id=2264, stack(0x0000005e42c00000,0x0000005e42d00000)]
  0x00000204a778a390 JavaThread "RMI Reaper" [_thread_blocked, id=10800, stack(0x0000005e42d00000,0x0000005e42e00000)]
  0x00000204a778b080 JavaThread "RMI GC Daemon" daemon [_thread_blocked, id=16820, stack(0x0000005e42e00000,0x0000005e42f00000)]
  0x00000204ac297b90 JavaThread "RMI TCP Connection(1)-127.0.0.1" daemon [_thread_in_native, id=16028, stack(0x0000005e42f00000,0x0000005e43000000)]
  0x00000204ac298060 JavaThread "RMI TCP Connection(2)-127.0.0.1" daemon [_thread_in_native, id=1196, stack(0x0000005e43000000,0x0000005e43100000)]
  0x00000204ac131bb0 JavaThread "RMI Scheduler(0)" daemon [_thread_blocked, id=11256, stack(0x0000005e43100000,0x0000005e43200000)]
  0x00000204ac12f060 JavaThread "RMI TCP Connection(3)-127.0.0.1" daemon [_thread_in_Java, id=4772, stack(0x0000005e43200000,0x0000005e43300000)]
  0x00000204ac1316e0 JavaThread "RMI RenewClean-[127.0.0.1:52250]" daemon [_thread_blocked, id=14648, stack(0x0000005e43300000,0x0000005e43400000)]
  0x00000204ad19f580 JavaThread "C2 CompilerThread1" daemon [_thread_in_native, id=18092, stack(0x0000005e43500000,0x0000005e43600000)]

Other Threads:
  0x00000204a73c1110 VMThread "VM Thread" [stack: 0x0000005e41e00000,0x0000005e41f00000] [id=1620]
  0x0000020490771020 WatcherThread [stack: 0x0000005e42a00000,0x0000005e42b00000] [id=9064]
  0x0000020490760540 GCTaskThread "GC Thread#0" [stack: 0x0000005e41900000,0x0000005e41a00000] [id=15528]
  0x0000020490767ab0 ConcurrentGCThread "G1 Main Marker" [stack: 0x0000005e41a00000,0x0000005e41b00000] [id=1576]
  0x00000204907684c0 ConcurrentGCThread "G1 Conc#0" [stack: 0x0000005e41b00000,0x0000005e41c00000] [id=18336]
  0x00000204907ddb80 ConcurrentGCThread "G1 Refine#0" [stack: 0x0000005e41c00000,0x0000005e41d00000] [id=9588]
  0x00000204907de5a0 ConcurrentGCThread "G1 Service" [stack: 0x0000005e41d00000,0x0000005e41e00000] [id=13584]

Threads with active compile tasks:
C2 CompilerThread0     2046  907       4       jdk.internal.org.objectweb.asm.Frame::execute (2305 bytes)
C1 CompilerThread0     2046 1108       3       sun.security.provider.DigestBase::engineDigest (112 bytes)
C2 CompilerThread1     2046 1106 %     4       sun.security.provider.SHA2::implCompress0 @ 220 (490 bytes)

VM state: not at safepoint (normal execution)

VM Mutex/Monitor currently owned by a thread: None

Heap address: 0x00000000d1200000, size: 750 MB, Compressed Oops mode: 32-bit

CDS archive(s) not mapped
Compressed class space mapped at: 0x0000000100000000-0x0000000140000000, reserved size: 1073741824
Narrow klass base: 0x0000000000000000, Narrow klass shift: 3, Narrow klass range: 0x140000000

GC Precious Log:
 CPUs: 6 total, 6 available
 Memory: 3442M
 Large Page Support: Disabled
 NUMA Support: Disabled
 Compressed Oops: Enabled (32-bit)
 Heap Region Size: 1M
 Heap Min Capacity: 128M
 Heap Initial Capacity: 128M
 Heap Max Capacity: 750M
 Pre-touch: Disabled
 Parallel Workers: 6
 Concurrent Workers: 2
 Concurrent Refinement Workers: 6
 Periodic GC: Disabled

Heap:
 garbage-first heap   total 131072K, used 17408K [0x00000000d1200000, 0x0000000100000000)
  region size 1024K, 18 young (18432K), 0 survivors (0K)
 Metaspace       used 15601K, committed 15872K, reserved 1114112K
  class space    used 1670K, committed 1792K, reserved 1048576K

Heap Regions: E=young(eden), S=young(survivor), O=old, HS=humongous(starts), HC=humongous(continues), CS=collection set, F=free, OA=open archive, CA=closed archive, TAMS=top-at-mark-start (previous, next)
|   0|0x00000000d1200000, 0x00000000d1200000, 0x00000000d1300000|  0%| F|  |TAMS 0x00000000d1200000, 0x00000000d1200000| Untracked 
|   1|0x00000000d1300000, 0x00000000d1300000, 0x00000000d1400000|  0%| F|  |TAMS 0x00000000d1300000, 0x00000000d1300000| Untracked 
|   2|0x00000000d1400000, 0x00000000d1400000, 0x00000000d1500000|  0%| F|  |TAMS 0x00000000d1400000, 0x00000000d1400000| Untracked 
|   3|0x00000000d1500000, 0x00000000d1500000, 0x00000000d1600000|  0%| F|  |TAMS 0x00000000d1500000, 0x00000000d1500000| Untracked 
|   4|0x00000000d1600000, 0x00000000d1600000, 0x00000000d1700000|  0%| F|  |TAMS 0x00000000d1600000, 0x00000000d1600000| Untracked 
|   5|0x00000000d1700000, 0x00000000d1700000, 0x00000000d1800000|  0%| F|  |TAMS 0x00000000d1700000, 0x00000000d1700000| Untracked 
|   6|0x00000000d1800000, 0x00000000d1800000, 0x00000000d1900000|  0%| F|  |TAMS 0x00000000d1800000, 0x00000000d1800000| Untracked 
|   7|0x00000000d1900000, 0x00000000d1900000, 0x00000000d1a00000|  0%| F|  |TAMS 0x00000000d1900000, 0x00000000d1900000| Untracked 
|   8|0x00000000d1a00000, 0x00000000d1a00000, 0x00000000d1b00000|  0%| F|  |TAMS 0x00000000d1a00000, 0x00000000d1a00000| Untracked 
|   9|0x00000000d1b00000, 0x00000000d1b00000, 0x00000000d1c00000|  0%| F|  |TAMS 0x00000000d1b00000, 0x00000000d1b00000| Untracked 
|  10|0x00000000d1c00000, 0x00000000d1c00000, 0x00000000d1d00000|  0%| F|  |TAMS 0x00000000d1c00000, 0x00000000d1c00000| Untracked 
|  11|0x00000000d1d00000, 0x00000000d1d00000, 0x00000000d1e00000|  0%| F|  |TAMS 0x00000000d1d00000, 0x00000000d1d00000| Untracked 
|  12|0x00000000d1e00000, 0x00000000d1e00000, 0x00000000d1f00000|  0%| F|  |TAMS 0x00000000d1e00000, 0x00000000d1e00000| Untracked 
|  13|0x00000000d1f00000, 0x00000000d1f00000, 0x00000000d2000000|  0%| F|  |TAMS 0x00000000d1f00000, 0x00000000d1f00000| Untracked 
|  14|0x00000000d2000000, 0x00000000d2000000, 0x00000000d2100000|  0%| F|  |TAMS 0x00000000d2000000, 0x00000000d2000000| Untracked 
|  15|0x00000000d2100000, 0x00000000d2100000, 0x00000000d2200000|  0%| F|  |TAMS 0x00000000d2100000, 0x00000000d2100000| Untracked 
|  16|0x00000000d2200000, 0x00000000d2200000, 0x00000000d2300000|  0%| F|  |TAMS 0x00000000d2200000, 0x00000000d2200000| Untracked 
|  17|0x00000000d2300000, 0x00000000d2300000, 0x00000000d2400000|  0%| F|  |TAMS 0x00000000d2300000, 0x00000000d2300000| Untracked 
|  18|0x00000000d2400000, 0x00000000d2400000, 0x00000000d2500000|  0%| F|  |TAMS 0x00000000d2400000, 0x00000000d2400000| Untracked 
|  19|0x00000000d2500000, 0x00000000d2500000, 0x00000000d2600000|  0%| F|  |TAMS 0x00000000d2500000, 0x00000000d2500000| Untracked 
|  20|0x00000000d2600000, 0x00000000d2600000, 0x00000000d2700000|  0%| F|  |TAMS 0x00000000d2600000, 0x00000000d2600000| Untracked 
|  21|0x00000000d2700000, 0x00000000d2700000, 0x00000000d2800000|  0%| F|  |TAMS 0x00000000d2700000, 0x00000000d2700000| Untracked 
|  22|0x00000000d2800000, 0x00000000d2800000, 0x00000000d2900000|  0%| F|  |TAMS 0x00000000d2800000, 0x00000000d2800000| Untracked 
|  23|0x00000000d2900000, 0x00000000d2900000, 0x00000000d2a00000|  0%| F|  |TAMS 0x00000000d2900000, 0x00000000d2900000| Untracked 
|  24|0x00000000d2a00000, 0x00000000d2a00000, 0x00000000d2b00000|  0%| F|  |TAMS 0x00000000d2a00000, 0x00000000d2a00000| Untracked 
|  25|0x00000000d2b00000, 0x00000000d2b00000, 0x00000000d2c00000|  0%| F|  |TAMS 0x00000000d2b00000, 0x00000000d2b00000| Untracked 
|  26|0x00000000d2c00000, 0x00000000d2c00000, 0x00000000d2d00000|  0%| F|  |TAMS 0x00000000d2c00000, 0x00000000d2c00000| Untracked 
|  27|0x00000000d2d00000, 0x00000000d2d00000, 0x00000000d2e00000|  0%| F|  |TAMS 0x00000000d2d00000, 0x00000000d2d00000| Untracked 
|  28|0x00000000d2e00000, 0x00000000d2e00000, 0x00000000d2f00000|  0%| F|  |TAMS 0x00000000d2e00000, 0x00000000d2e00000| Untracked 
|  29|0x00000000d2f00000, 0x00000000d2f00000, 0x00000000d3000000|  0%| F|  |TAMS 0x00000000d2f00000, 0x00000000d2f00000| Untracked 
|  30|0x00000000d3000000, 0x00000000d3000000, 0x00000000d3100000|  0%| F|  |TAMS 0x00000000d3000000, 0x00000000d3000000| Untracked 
|  31|0x00000000d3100000, 0x00000000d3100000, 0x00000000d3200000|  0%| F|  |TAMS 0x00000000d3100000, 0x00000000d3100000| Untracked 
|  32|0x00000000d3200000, 0x00000000d3200000, 0x00000000d3300000|  0%| F|  |TAMS 0x00000000d3200000, 0x00000000d3200000| Untracked 
|  33|0x00000000d3300000, 0x00000000d3300000, 0x00000000d3400000|  0%| F|  |TAMS 0x00000000d3300000, 0x00000000d3300000| Untracked 
|  34|0x00000000d3400000, 0x00000000d3400000, 0x00000000d3500000|  0%| F|  |TAMS 0x00000000d3400000, 0x00000000d3400000| Untracked 
|  35|0x00000000d3500000, 0x00000000d3500000, 0x00000000d3600000|  0%| F|  |TAMS 0x00000000d3500000, 0x00000000d3500000| Untracked 
|  36|0x00000000d3600000, 0x00000000d3600000, 0x00000000d3700000|  0%| F|  |TAMS 0x00000000d3600000, 0x00000000d3600000| Untracked 
|  37|0x00000000d3700000, 0x00000000d3700000, 0x00000000d3800000|  0%| F|  |TAMS 0x00000000d3700000, 0x00000000d3700000| Untracked 
|  38|0x00000000d3800000, 0x00000000d3800000, 0x00000000d3900000|  0%| F|  |TAMS 0x00000000d3800000, 0x00000000d3800000| Untracked 
|  39|0x00000000d3900000, 0x00000000d3900000, 0x00000000d3a00000|  0%| F|  |TAMS 0x00000000d3900000, 0x00000000d3900000| Untracked 
|  40|0x00000000d3a00000, 0x00000000d3a00000, 0x00000000d3b00000|  0%| F|  |TAMS 0x00000000d3a00000, 0x00000000d3a00000| Untracked 
|  41|0x00000000d3b00000, 0x00000000d3b00000, 0x00000000d3c00000|  0%| F|  |TAMS 0x00000000d3b00000, 0x00000000d3b00000| Untracked 
|  42|0x00000000d3c00000, 0x00000000d3c00000, 0x00000000d3d00000|  0%| F|  |TAMS 0x00000000d3c00000, 0x00000000d3c00000| Untracked 
|  43|0x00000000d3d00000, 0x00000000d3d00000, 0x00000000d3e00000|  0%| F|  |TAMS 0x00000000d3d00000, 0x00000000d3d00000| Untracked 
|  44|0x00000000d3e00000, 0x00000000d3e00000, 0x00000000d3f00000|  0%| F|  |TAMS 0x00000000d3e00000, 0x00000000d3e00000| Untracked 
|  45|0x00000000d3f00000, 0x00000000d3f00000, 0x00000000d4000000|  0%| F|  |TAMS 0x00000000d3f00000, 0x00000000d3f00000| Untracked 
|  46|0x00000000d4000000, 0x00000000d4000000, 0x00000000d4100000|  0%| F|  |TAMS 0x00000000d4000000, 0x00000000d4000000| Untracked 
|  47|0x00000000d4100000, 0x00000000d4100000, 0x00000000d4200000|  0%| F|  |TAMS 0x00000000d4100000, 0x00000000d4100000| Untracked 
|  48|0x00000000d4200000, 0x00000000d4200000, 0x00000000d4300000|  0%| F|  |TAMS 0x00000000d4200000, 0x00000000d4200000| Untracked 
|  49|0x00000000d4300000, 0x00000000d4300000, 0x00000000d4400000|  0%| F|  |TAMS 0x00000000d4300000, 0x00000000d4300000| Untracked 
|  50|0x00000000d4400000, 0x00000000d4400000, 0x00000000d4500000|  0%| F|  |TAMS 0x00000000d4400000, 0x00000000d4400000| Untracked 
|  51|0x00000000d4500000, 0x00000000d4500000, 0x00000000d4600000|  0%| F|  |TAMS 0x00000000d4500000, 0x00000000d4500000| Untracked 
|  52|0x00000000d4600000, 0x00000000d4600000, 0x00000000d4700000|  0%| F|  |TAMS 0x00000000d4600000, 0x00000000d4600000| Untracked 
|  53|0x00000000d4700000, 0x00000000d4700000, 0x00000000d4800000|  0%| F|  |TAMS 0x00000000d4700000, 0x00000000d4700000| Untracked 
|  54|0x00000000d4800000, 0x00000000d4800000, 0x00000000d4900000|  0%| F|  |TAMS 0x00000000d4800000, 0x00000000d4800000| Untracked 
|  55|0x00000000d4900000, 0x00000000d4900000, 0x00000000d4a00000|  0%| F|  |TAMS 0x00000000d4900000, 0x00000000d4900000| Untracked 
|  56|0x00000000d4a00000, 0x00000000d4a00000, 0x00000000d4b00000|  0%| F|  |TAMS 0x00000000d4a00000, 0x00000000d4a00000| Untracked 
|  57|0x00000000d4b00000, 0x00000000d4b00000, 0x00000000d4c00000|  0%| F|  |TAMS 0x00000000d4b00000, 0x00000000d4b00000| Untracked 
|  58|0x00000000d4c00000, 0x00000000d4c00000, 0x00000000d4d00000|  0%| F|  |TAMS 0x00000000d4c00000, 0x00000000d4c00000| Untracked 
|  59|0x00000000d4d00000, 0x00000000d4d00000, 0x00000000d4e00000|  0%| F|  |TAMS 0x00000000d4d00000, 0x00000000d4d00000| Untracked 
|  60|0x00000000d4e00000, 0x00000000d4e00000, 0x00000000d4f00000|  0%| F|  |TAMS 0x00000000d4e00000, 0x00000000d4e00000| Untracked 
|  61|0x00000000d4f00000, 0x00000000d4f00000, 0x00000000d5000000|  0%| F|  |TAMS 0x00000000d4f00000, 0x00000000d4f00000| Untracked 
|  62|0x00000000d5000000, 0x00000000d5000000, 0x00000000d5100000|  0%| F|  |TAMS 0x00000000d5000000, 0x00000000d5000000| Untracked 
|  63|0x00000000d5100000, 0x00000000d5100000, 0x00000000d5200000|  0%| F|  |TAMS 0x00000000d5100000, 0x00000000d5100000| Untracked 
|  64|0x00000000d5200000, 0x00000000d5200000, 0x00000000d5300000|  0%| F|  |TAMS 0x00000000d5200000, 0x00000000d5200000| Untracked 
|  65|0x00000000d5300000, 0x00000000d5300000, 0x00000000d5400000|  0%| F|  |TAMS 0x00000000d5300000, 0x00000000d5300000| Untracked 
|  66|0x00000000d5400000, 0x00000000d5400000, 0x00000000d5500000|  0%| F|  |TAMS 0x00000000d5400000, 0x00000000d5400000| Untracked 
|  67|0x00000000d5500000, 0x00000000d5500000, 0x00000000d5600000|  0%| F|  |TAMS 0x00000000d5500000, 0x00000000d5500000| Untracked 
|  68|0x00000000d5600000, 0x00000000d5600000, 0x00000000d5700000|  0%| F|  |TAMS 0x00000000d5600000, 0x00000000d5600000| Untracked 
|  69|0x00000000d5700000, 0x00000000d5700000, 0x00000000d5800000|  0%| F|  |TAMS 0x00000000d5700000, 0x00000000d5700000| Untracked 
|  70|0x00000000d5800000, 0x00000000d5800000, 0x00000000d5900000|  0%| F|  |TAMS 0x00000000d5800000, 0x00000000d5800000| Untracked 
|  71|0x00000000d5900000, 0x00000000d5900000, 0x00000000d5a00000|  0%| F|  |TAMS 0x00000000d5900000, 0x00000000d5900000| Untracked 
|  72|0x00000000d5a00000, 0x00000000d5a00000, 0x00000000d5b00000|  0%| F|  |TAMS 0x00000000d5a00000, 0x00000000d5a00000| Untracked 
|  73|0x00000000d5b00000, 0x00000000d5b00000, 0x00000000d5c00000|  0%| F|  |TAMS 0x00000000d5b00000, 0x00000000d5b00000| Untracked 
|  74|0x00000000d5c00000, 0x00000000d5c00000, 0x00000000d5d00000|  0%| F|  |TAMS 0x00000000d5c00000, 0x00000000d5c00000| Untracked 
|  75|0x00000000d5d00000, 0x00000000d5d00000, 0x00000000d5e00000|  0%| F|  |TAMS 0x00000000d5d00000, 0x00000000d5d00000| Untracked 
|  76|0x00000000d5e00000, 0x00000000d5e00000, 0x00000000d5f00000|  0%| F|  |TAMS 0x00000000d5e00000, 0x00000000d5e00000| Untracked 
|  77|0x00000000d5f00000, 0x00000000d5f00000, 0x00000000d6000000|  0%| F|  |TAMS 0x00000000d5f00000, 0x00000000d5f00000| Untracked 
|  78|0x00000000d6000000, 0x00000000d6000000, 0x00000000d6100000|  0%| F|  |TAMS 0x00000000d6000000, 0x00000000d6000000| Untracked 
|  79|0x00000000d6100000, 0x00000000d6100000, 0x00000000d6200000|  0%| F|  |TAMS 0x00000000d6100000, 0x00000000d6100000| Untracked 
|  80|0x00000000d6200000, 0x00000000d6200000, 0x00000000d6300000|  0%| F|  |TAMS 0x00000000d6200000, 0x00000000d6200000| Untracked 
|  81|0x00000000d6300000, 0x00000000d6300000, 0x00000000d6400000|  0%| F|  |TAMS 0x00000000d6300000, 0x00000000d6300000| Untracked 
|  82|0x00000000d6400000, 0x00000000d6400000, 0x00000000d6500000|  0%| F|  |TAMS 0x00000000d6400000, 0x00000000d6400000| Untracked 
|  83|0x00000000d6500000, 0x00000000d6500000, 0x00000000d6600000|  0%| F|  |TAMS 0x00000000d6500000, 0x00000000d6500000| Untracked 
|  84|0x00000000d6600000, 0x00000000d6600000, 0x00000000d6700000|  0%| F|  |TAMS 0x00000000d6600000, 0x00000000d6600000| Untracked 
|  85|0x00000000d6700000, 0x00000000d6700000, 0x00000000d6800000|  0%| F|  |TAMS 0x00000000d6700000, 0x00000000d6700000| Untracked 
|  86|0x00000000d6800000, 0x00000000d6800000, 0x00000000d6900000|  0%| F|  |TAMS 0x00000000d6800000, 0x00000000d6800000| Untracked 
|  87|0x00000000d6900000, 0x00000000d6900000, 0x00000000d6a00000|  0%| F|  |TAMS 0x00000000d6900000, 0x00000000d6900000| Untracked 
|  88|0x00000000d6a00000, 0x00000000d6a00000, 0x00000000d6b00000|  0%| F|  |TAMS 0x00000000d6a00000, 0x00000000d6a00000| Untracked 
|  89|0x00000000d6b00000, 0x00000000d6b00000, 0x00000000d6c00000|  0%| F|  |TAMS 0x00000000d6b00000, 0x00000000d6b00000| Untracked 
|  90|0x00000000d6c00000, 0x00000000d6c00000, 0x00000000d6d00000|  0%| F|  |TAMS 0x00000000d6c00000, 0x00000000d6c00000| Untracked 
|  91|0x00000000d6d00000, 0x00000000d6d00000, 0x00000000d6e00000|  0%| F|  |TAMS 0x00000000d6d00000, 0x00000000d6d00000| Untracked 
|  92|0x00000000d6e00000, 0x00000000d6e00000, 0x00000000d6f00000|  0%| F|  |TAMS 0x00000000d6e00000, 0x00000000d6e00000| Untracked 
|  93|0x00000000d6f00000, 0x00000000d6f00000, 0x00000000d7000000|  0%| F|  |TAMS 0x00000000d6f00000, 0x00000000d6f00000| Untracked 
|  94|0x00000000d7000000, 0x00000000d7000000, 0x00000000d7100000|  0%| F|  |TAMS 0x00000000d7000000, 0x00000000d7000000| Untracked 
|  95|0x00000000d7100000, 0x00000000d7100000, 0x00000000d7200000|  0%| F|  |TAMS 0x00000000d7100000, 0x00000000d7100000| Untracked 
|  96|0x00000000d7200000, 0x00000000d7200000, 0x00000000d7300000|  0%| F|  |TAMS 0x00000000d7200000, 0x00000000d7200000| Untracked 
|  97|0x00000000d7300000, 0x00000000d7300000, 0x00000000d7400000|  0%| F|  |TAMS 0x00000000d7300000, 0x00000000d7300000| Untracked 
|  98|0x00000000d7400000, 0x00000000d7400000, 0x00000000d7500000|  0%| F|  |TAMS 0x00000000d7400000, 0x00000000d7400000| Untracked 
|  99|0x00000000d7500000, 0x00000000d7500000, 0x00000000d7600000|  0%| F|  |TAMS 0x00000000d7500000, 0x00000000d7500000| Untracked 
| 100|0x00000000d7600000, 0x00000000d7600000, 0x00000000d7700000|  0%| F|  |TAMS 0x00000000d7600000, 0x00000000d7600000| Untracked 
| 101|0x00000000d7700000, 0x00000000d7700000, 0x00000000d7800000|  0%| F|  |TAMS 0x00000000d7700000, 0x00000000d7700000| Untracked 
| 102|0x00000000d7800000, 0x00000000d7800000, 0x00000000d7900000|  0%| F|  |TAMS 0x00000000d7800000, 0x00000000d7800000| Untracked 
| 103|0x00000000d7900000, 0x00000000d7900000, 0x00000000d7a00000|  0%| F|  |TAMS 0x00000000d7900000, 0x00000000d7900000| Untracked 
| 104|0x00000000d7a00000, 0x00000000d7a00000, 0x00000000d7b00000|  0%| F|  |TAMS 0x00000000d7a00000, 0x00000000d7a00000| Untracked 
| 105|0x00000000d7b00000, 0x00000000d7b00000, 0x00000000d7c00000|  0%| F|  |TAMS 0x00000000d7b00000, 0x00000000d7b00000| Untracked 
| 106|0x00000000d7c00000, 0x00000000d7c00000, 0x00000000d7d00000|  0%| F|  |TAMS 0x00000000d7c00000, 0x00000000d7c00000| Untracked 
| 107|0x00000000d7d00000, 0x00000000d7d00000, 0x00000000d7e00000|  0%| F|  |TAMS 0x00000000d7d00000, 0x00000000d7d00000| Untracked 
| 108|0x00000000d7e00000, 0x00000000d7e00000, 0x00000000d7f00000|  0%| F|  |TAMS 0x00000000d7e00000, 0x00000000d7e00000| Untracked 
| 109|0x00000000d7f00000, 0x00000000d7f00000, 0x00000000d8000000|  0%| F|  |TAMS 0x00000000d7f00000, 0x00000000d7f00000| Untracked 
| 110|0x00000000d8000000, 0x00000000d806c080, 0x00000000d8100000| 42%| E|  |TAMS 0x00000000d8000000, 0x00000000d8000000| Complete 
| 111|0x00000000d8100000, 0x00000000d8200000, 0x00000000d8200000|100%| E|CS|TAMS 0x00000000d8100000, 0x00000000d8100000| Complete 
| 112|0x00000000d8200000, 0x00000000d8300000, 0x00000000d8300000|100%| E|CS|TAMS 0x00000000d8200000, 0x00000000d8200000| Complete 
| 113|0x00000000d8300000, 0x00000000d8400000, 0x00000000d8400000|100%| E|CS|TAMS 0x00000000d8300000, 0x00000000d8300000| Complete 
| 114|0x00000000d8400000, 0x00000000d8500000, 0x00000000d8500000|100%| E|CS|TAMS 0x00000000d8400000, 0x00000000d8400000| Complete 
| 115|0x00000000d8500000, 0x00000000d8600000, 0x00000000d8600000|100%| E|CS|TAMS 0x00000000d8500000, 0x00000000d8500000| Complete 
| 116|0x00000000d8600000, 0x00000000d8700000, 0x00000000d8700000|100%| E|CS|TAMS 0x00000000d8600000, 0x00000000d8600000| Complete 
| 117|0x00000000d8700000, 0x00000000d8800000, 0x00000000d8800000|100%| E|CS|TAMS 0x00000000d8700000, 0x00000000d8700000| Complete 
| 118|0x00000000d8800000, 0x00000000d8900000, 0x00000000d8900000|100%| E|CS|TAMS 0x00000000d8800000, 0x00000000d8800000| Complete 
| 119|0x00000000d8900000, 0x00000000d8a00000, 0x00000000d8a00000|100%| E|CS|TAMS 0x00000000d8900000, 0x00000000d8900000| Complete 
| 120|0x00000000d8a00000, 0x00000000d8b00000, 0x00000000d8b00000|100%| E|CS|TAMS 0x00000000d8a00000, 0x00000000d8a00000| Complete 
| 121|0x00000000d8b00000, 0x00000000d8c00000, 0x00000000d8c00000|100%| E|CS|TAMS 0x00000000d8b00000, 0x00000000d8b00000| Complete 
| 122|0x00000000d8c00000, 0x00000000d8d00000, 0x00000000d8d00000|100%| E|CS|TAMS 0x00000000d8c00000, 0x00000000d8c00000| Complete 
| 123|0x00000000d8d00000, 0x00000000d8e00000, 0x00000000d8e00000|100%| E|CS|TAMS 0x00000000d8d00000, 0x00000000d8d00000| Complete 
| 124|0x00000000d8e00000, 0x00000000d8f00000, 0x00000000d8f00000|100%| E|CS|TAMS 0x00000000d8e00000, 0x00000000d8e00000| Complete 
| 125|0x00000000d8f00000, 0x00000000d9000000, 0x00000000d9000000|100%| E|CS|TAMS 0x00000000d8f00000, 0x00000000d8f00000| Complete 
| 126|0x00000000d9000000, 0x00000000d9100000, 0x00000000d9100000|100%| E|CS|TAMS 0x00000000d9000000, 0x00000000d9000000| Complete 
| 127|0x00000000d9100000, 0x00000000d9200000, 0x00000000d9200000|100%| E|CS|TAMS 0x00000000d9100000, 0x00000000d9100000| Complete 

Card table byte_map: [0x00000204a3140000,0x00000204a32c0000] _byte_map_base: 0x00000204a2ab7000

Marking Bits (Prev, Next): (CMBitMap*) 0x0000020490760b50, (CMBitMap*) 0x0000020490760b90
 Prev Bits: [0x00000204a3440000, 0x00000204a3ff8000)
 Next Bits: [0x00000204a4000000, 0x00000204a4bb8000)

Polling page: 0x000002048e8a0000

Metaspace:

Usage:
  Non-class:     13.61 MB used.
      Class:      1.63 MB used.
       Both:     15.25 MB used.

Virtual space:
  Non-class space:       64.00 MB reserved,      13.75 MB ( 21%) committed,  1 nodes.
      Class space:        1.00 GB reserved,       1.75 MB ( <1%) committed,  1 nodes.
             Both:        1.06 GB reserved,      15.50 MB (  1%) committed. 

Chunk freelists:
   Non-Class:  2.11 MB
       Class:  14.19 MB
        Both:  16.30 MB

MaxMetaspaceSize: unlimited
CompressedClassSpaceSize: 1.00 GB
Initial GC threshold: 21.00 MB
Current GC threshold: 21.00 MB
CDS: off
MetaspaceReclaimPolicy: balanced
 - commit_granule_bytes: 65536.
 - commit_granule_words: 8192.
 - virtual_space_node_default_size: 8388608.
 - enlarge_chunks_in_place: 1.
 - new_chunks_are_fully_committed: 0.
 - uncommit_free_chunks: 1.
 - use_allocation_guard: 0.
 - handle_deallocations: 1.


Internal statistics:

num_allocs_failed_limit: 0.
num_arena_births: 260.
num_arena_deaths: 0.
num_vsnodes_births: 2.
num_vsnodes_deaths: 0.
num_space_committed: 248.
num_space_uncommitted: 0.
num_chunks_returned_to_freelist: 0.
num_chunks_taken_from_freelist: 453.
num_chunk_merges: 0.
num_chunk_splits: 260.
num_chunks_enlarged: 114.
num_inconsistent_stats: 0.

CodeHeap 'non-profiled nmethods': size=120000Kb used=331Kb max_used=331Kb free=119669Kb
 bounds [0x000002049b970000, 0x000002049bbe0000, 0x00000204a2ea0000]
CodeHeap 'profiled nmethods': size=120000Kb used=1835Kb max_used=1835Kb free=118164Kb
 bounds [0x0000020493ea0000, 0x0000020494110000, 0x000002049b3d0000]
CodeHeap 'non-nmethods': size=5760Kb used=1170Kb max_used=1184Kb free=4589Kb
 bounds [0x000002049b3d0000, 0x000002049b640000, 0x000002049b970000]
 total_blobs=1590 nmethods=1124 adapters=379
 compilation: enabled
              stopped_count=0, restarted_count=0
 full_count=0

Compilation events (20 events):
Event: 1.971 Thread 0x00000204a755baf0 1033       1       java.security.Provider$Service::getAliases (5 bytes)
Event: 1.971 Thread 0x00000204a755baf0 nmethod 1033 0x000002049b9bcb10 code [0x000002049b9bcca0, 0x000002049b9bcd78]
Event: 1.971 Thread 0x00000204ad19f580 1029       4       java.lang.StringUTF16::putChar (54 bytes)
Event: 1.972 Thread 0x00000204a755baf0 1035       3       java.nio.ByteOrder::nativeOrder (4 bytes)
Event: 1.972 Thread 0x00000204a755baf0 nmethod 1035 0x000002049403fb90 code [0x000002049403fd20, 0x000002049403fe18]
Event: 1.972 Thread 0x00000204ad19f580 nmethod 1029 0x000002049b9bce10 code [0x000002049b9bcf80, 0x000002049b9bd058]
Event: 1.972 Thread 0x00000204ad19f580  993       4       java.lang.StringUTF16::getChar (60 bytes)
Event: 1.973 Thread 0x00000204ad19f580 nmethod 993 0x000002049b9bd110 code [0x000002049b9bd280, 0x000002049b9bd358]
Event: 1.973 Thread 0x00000204ad19f580  910       4       java.lang.String::indexOf (29 bytes)
Event: 1.973 Thread 0x00000204a755baf0 1036       3       jdk.internal.jimage.ImageStringsReader::match (11 bytes)
Event: 1.974 Thread 0x00000204a755baf0 nmethod 1036 0x000002049403fe90 code [0x0000020494040040, 0x0000020494040208]
Event: 1.974 Thread 0x00000204a755baf0 1038       3       java.nio.ByteBuffer::limit (8 bytes)
Event: 1.974 Thread 0x00000204a755baf0 nmethod 1038 0x0000020494040310 code [0x00000204940404a0, 0x00000204940405e8]
Event: 1.974 Thread 0x00000204a755baf0 1037       3       jdk.internal.jimage.BasicImageReader::match (37 bytes)
Event: 1.974 Thread 0x00000204a755baf0 nmethod 1037 0x0000020494040690 code [0x0000020494040860, 0x0000020494040af8]
Event: 1.974 Thread 0x00000204a755baf0 1039       3       java.util.Optional::<init> (10 bytes)
Event: 1.975 Thread 0x00000204a755baf0 nmethod 1039 0x0000020494040c10 code [0x0000020494040da0, 0x0000020494040f58]
Event: 1.975 Thread 0x00000204ad19f580 nmethod 910 0x000002049b9bd410 code [0x000002049b9bd5a0, 0x000002049b9bd7b8]
Event: 1.975 Thread 0x00000204ad19f580  982       4       java.lang.String::indexOf (7 bytes)
Event: 1.977 Thread 0x00000204ad19f580 nmethod 982 0x000002049b9bd910 code [0x000002049b9bda80, 0x000002049b9bdc38]

GC Heap History (0 events):
No events

Dll operation events (1 events):
Event: 0.016 Loaded shared library C:\Program Files\JetBrains\IntelliJ IDEA 2023.1.4\jbr\bin\java.dll

Deoptimization events (20 events):
Event: 0.968 Thread 0x000002049072c5d0 DEOPT PACKING pc=0x0000020493eb86e7 sp=0x0000005e418fdf60
Event: 0.968 Thread 0x000002049072c5d0 DEOPT UNPACKING pc=0x000002049b427143 sp=0x0000005e418fd380 mode 0
Event: 0.969 Thread 0x000002049072c5d0 Uncommon trap: trap_request=0xffffff45 fr.pc=0x000002049b990bf4 relative=0x0000000000000074
Event: 0.969 Thread 0x000002049072c5d0 Uncommon trap: reason=unstable_if action=reinterpret pc=0x000002049b990bf4 method=jdk.internal.misc.Unsafe.convEndian(ZI)I @ 4 c2
Event: 0.969 Thread 0x000002049072c5d0 DEOPT PACKING pc=0x000002049b990bf4 sp=0x0000005e418fdbd0
Event: 0.969 Thread 0x000002049072c5d0 DEOPT UNPACKING pc=0x000002049b4269a3 sp=0x0000005e418fdb00 mode 2
Event: 0.969 Thread 0x000002049072c5d0 Uncommon trap: trap_request=0xffffff45 fr.pc=0x000002049b9914b8 relative=0x0000000000000038
Event: 0.969 Thread 0x000002049072c5d0 Uncommon trap: reason=unstable_if action=reinterpret pc=0x000002049b9914b8 method=jdk.internal.misc.Unsafe.convEndian(ZI)I @ 4 c2
Event: 0.969 Thread 0x000002049072c5d0 DEOPT PACKING pc=0x000002049b9914b8 sp=0x0000005e418fdb70
Event: 0.969 Thread 0x000002049072c5d0 DEOPT UNPACKING pc=0x000002049b4269a3 sp=0x0000005e418fdb08 mode 2
Event: 0.999 Thread 0x000002049072c5d0 DEOPT PACKING pc=0x0000020493eb4cd1 sp=0x0000005e418fd980
Event: 0.999 Thread 0x000002049072c5d0 DEOPT UNPACKING pc=0x000002049b427143 sp=0x0000005e418fcdf8 mode 0
Event: 1.109 Thread 0x00000204ac298060 Uncommon trap: trap_request=0xffffff45 fr.pc=0x000002049b991c98 relative=0x0000000000000178
Event: 1.109 Thread 0x00000204ac298060 Uncommon trap: reason=unstable_if action=reinterpret pc=0x000002049b991c98 method=java.lang.invoke.VarHandle.checkExactAccessMode(Ljava/lang/invoke/VarHandle$AccessDescriptor;)V @ 4 c2
Event: 1.109 Thread 0x00000204ac298060 DEOPT PACKING pc=0x000002049b991c98 sp=0x0000005e430feec0
Event: 1.109 Thread 0x00000204ac298060 DEOPT UNPACKING pc=0x000002049b4269a3 sp=0x0000005e430feea0 mode 2
Event: 1.596 Thread 0x00000204ac12f060 Uncommon trap: trap_request=0xffffff45 fr.pc=0x000002049b9a42cc relative=0x000000000000048c
Event: 1.596 Thread 0x00000204ac12f060 Uncommon trap: reason=unstable_if action=reinterpret pc=0x000002049b9a42cc method=java.lang.StringLatin1.replace([BCC)Ljava/lang/String; @ 19 c2
Event: 1.596 Thread 0x00000204ac12f060 DEOPT PACKING pc=0x000002049b9a42cc sp=0x0000005e432fd720
Event: 1.596 Thread 0x00000204ac12f060 DEOPT UNPACKING pc=0x000002049b4269a3 sp=0x0000005e432fd6a0 mode 2

Classes unloaded (0 events):
No events

Classes redefined (0 events):
No events

Internal exceptions (20 events):
Event: 0.605 Thread 0x000002049072c5d0 Exception <a 'java/lang/IncompatibleClassChangeError'{0x00000000d8d44900}: Found class java.lang.Object, but interface was expected> (0x00000000d8d44900) 
thrown [s\src\hotspot\share\interpreter\linkResolver.cpp, line 838]
Event: 0.605 Thread 0x000002049072c5d0 Exception <a 'java/lang/IncompatibleClassChangeError'{0x00000000d8d458b8}: Found class java.lang.Object, but interface was expected> (0x00000000d8d458b8) 
thrown [s\src\hotspot\share\interpreter\linkResolver.cpp, line 838]
Event: 0.606 Thread 0x000002049072c5d0 Exception <a 'java/lang/NoSuchMethodError'{0x00000000d8d48520}: 'void java.lang.invoke.DirectMethodHandle$Holder.invokeStatic(java.lang.Object, java.lang.Object)'> (0x00000000d8d48520) 
thrown [s\src\hotspot\share\interpreter\linkResolver.cpp, line 771]
Event: 0.654 Thread 0x000002049072c5d0 Exception <a 'java/lang/NoSuchMethodError'{0x00000000d8d8c6b8}: 'java.lang.Object java.lang.invoke.DirectMethodHandle$Holder.invokeStaticInit(java.lang.Object)'> (0x00000000d8d8c6b8) 
thrown [s\src\hotspot\share\interpreter\linkResolver.cpp, line 771]
Event: 0.689 Thread 0x000002049072c5d0 Exception <a 'java/lang/NoSuchMethodError'{0x00000000d8debc90}: 'java.lang.Object java.lang.invoke.DirectMethodHandle$Holder.invokeStaticInit(java.lang.Object, int, int, int, int)'> (0x00000000d8debc90) 
thrown [s\src\hotspot\share\interpreter\linkResolver.cpp, line 771]
Event: 0.866 Thread 0x000002049072c5d0 Exception <a 'java/lang/NoSuchMethodError'{0x00000000d8cb9408}: 'java.lang.Object java.lang.invoke.DirectMethodHandle$Holder.invokeStaticInit(java.lang.Object, java.lang.Object, int, int, int, int)'> (0x00000000d8cb9408) 
thrown [s\src\hotspot\share\interpreter\linkResolver.cpp, line 771]
Event: 1.049 Thread 0x000002049072c5d0 Exception <a 'java/lang/NoSuchMethodError'{0x00000000d8913938}: 'java.lang.Object java.lang.invoke.Invokers$Holder.linkToTargetMethod(java.lang.Object, long, java.lang.Object)'> (0x00000000d8913938) 
thrown [s\src\hotspot\share\interpreter\linkResolver.cpp, line 771]
Event: 1.184 Thread 0x00000204ac12f060 Exception <a 'java/lang/NoSuchMethodError'{0x00000000d8725fb8}: static [B.<clinit>()V> (0x00000000d8725fb8) 
thrown [s\src\hotspot\share\prims\jni.cpp, line 1108]
Event: 1.555 Thread 0x00000204ac12f060 Exception <a 'java/lang/NoSuchMethodError'{0x00000000d87570b0}: static [Ljava/rmi/server/ObjID;.<clinit>()V> (0x00000000d87570b0) 
thrown [s\src\hotspot\share\prims\jni.cpp, line 1108]
Event: 1.569 Thread 0x00000204ac1316e0 Exception <a 'java/lang/InterruptedException'{0x00000000d876c080}> (0x00000000d876c080) 
thrown [s\src\hotspot\share\runtime\objectMonitor.cpp, line 1658]
Event: 1.570 Thread 0x00000204ac12f060 Exception <a 'java/lang/NoSuchMethodError'{0x00000000d875e9c0}: 'void java.lang.invoke.DirectMethodHandle$Holder.invokeSpecial(java.lang.Object, java.lang.Object, java.lang.Object)'> (0x00000000d875e9c0) 
thrown [s\src\hotspot\share\interpreter\linkResolver.cpp, line 771]
Event: 1.570 Thread 0x00000204ac12f060 Exception <a 'java/lang/NoSuchMethodError'{0x00000000d8761f28}: 'void java.lang.invoke.Invokers$Holder.invoke_MT(java.lang.Object, java.lang.Object, java.lang.Object)'> (0x00000000d8761f28) 
thrown [s\src\hotspot\share\interpreter\linkResolver.cpp, line 771]
Event: 1.571 Thread 0x00000204ac1316e0 Exception <a 'java/lang/NoSuchMethodError'{0x00000000d8774820}: 'java.lang.Object java.lang.invoke.DirectMethodHandle$Holder.newInvokeSpecial(java.lang.Object, java.lang.Object, int, java.lang.Object, long)'> (0x00000000d8774820) 
thrown [s\src\hotspot\share\interpreter\linkResolver.cpp, line 771]
Event: 1.695 Thread 0x00000204ac12f060 Exception <a 'java/lang/NoSuchMethodError'{0x00000000d85c94a8}: 'java.lang.Object java.lang.invoke.DirectMethodHandle$Holder.invokeVirtual(java.lang.Object, java.lang.Object, java.lang.Object, java.lang.Object)'> (0x00000000d85c94a8) 
thrown [s\src\hotspot\share\interpreter\linkResolver.cpp, line 771]
Event: 1.696 Thread 0x00000204ac12f060 Exception <a 'java/lang/NoSuchMethodError'{0x00000000d85d1d18}: 'void java.lang.invoke.DirectMethodHandle$Holder.invokeStatic(java.lang.Object, java.lang.Object, java.lang.Object, java.lang.Object)'> (0x00000000d85d1d18) 
thrown [s\src\hotspot\share\interpreter\linkResolver.cpp, line 771]
Event: 1.716 Thread 0x00000204ac12f060 Exception <a 'java/lang/NoSuchMethodError'{0x00000000d8443b08}: 'int java.lang.invoke.DirectMethodHandle$Holder.invokeStaticInit(java.lang.Object, java.lang.Object, java.lang.Object, java.lang.Object)'> (0x00000000d8443b08) 
thrown [s\src\hotspot\share\interpreter\linkResolver.cpp, line 771]
Event: 1.717 Thread 0x00000204ac12f060 Exception <a 'java/lang/NoSuchMethodError'{0x00000000d844d030}: 'java.lang.Object java.lang.invoke.DirectMethodHandle$Holder.invokeInterface(java.lang.Object, java.lang.Object)'> (0x00000000d844d030) 
thrown [s\src\hotspot\share\interpreter\linkResolver.cpp, line 771]
Event: 1.717 Thread 0x00000204ac12f060 Exception <a 'java/lang/IncompatibleClassChangeError'{0x00000000d8450828}: Found class java.lang.Object, but interface was expected> (0x00000000d8450828) 
thrown [s\src\hotspot\share\interpreter\linkResolver.cpp, line 838]
Event: 1.718 Thread 0x00000204ac12f060 Exception <a 'java/lang/NoSuchMethodError'{0x00000000d8453850}: 'void java.lang.invoke.DirectMethodHandle$Holder.invokeStaticInit(java.lang.Object, java.lang.Object)'> (0x00000000d8453850) 
thrown [s\src\hotspot\share\interpreter\linkResolver.cpp, line 771]
Event: 1.719 Thread 0x00000204ac12f060 Exception <a 'java/lang/NoSuchMethodError'{0x00000000d8459588}: 'int java.lang.invoke.DirectMethodHandle$Holder.invokeStaticInit(java.lang.Object, java.lang.Object)'> (0x00000000d8459588) 
thrown [s\src\hotspot\share\interpreter\linkResolver.cpp, line 771]

VM Operations (8 events):
Event: 0.399 Executing VM operation: HandshakeAllThreads
Event: 0.399 Executing VM operation: HandshakeAllThreads done
Event: 0.631 Executing VM operation: HandshakeAllThreads
Event: 0.631 Executing VM operation: HandshakeAllThreads done
Event: 1.598 Executing VM operation: HandshakeAllThreads
Event: 1.598 Executing VM operation: HandshakeAllThreads done
Event: 1.598 Executing VM operation: Cleanup
Event: 1.598 Executing VM operation: Cleanup done

Events (20 events):
Event: 1.967 loading class jdk/internal/icu/impl/Norm2AllModes$DecomposeNormalizer2 done
Event: 1.967 loading class javax/crypto/SecretKeyFactory
Event: 1.967 loading class javax/crypto/SecretKeyFactory done
Event: 1.968 loading class sun/security/jca/ProviderList$ServiceList
Event: 1.968 loading class sun/security/jca/ProviderList$ServiceList done
Event: 1.968 loading class sun/security/jca/ProviderList$ServiceList$1
Event: 1.968 loading class sun/security/jca/ProviderList$ServiceList$1 done
Event: 1.968 loading class sun/security/rsa/SunRsaSign
Event: 1.968 loading class sun/security/rsa/SunRsaSign done
Event: 1.969 loading class sun/security/rsa/SunRsaSignEntries
Event: 1.969 loading class sun/security/rsa/SunRsaSignEntries done
Event: 1.970 loading class sun/security/jca/ProviderConfig$3
Event: 1.970 loading class sun/security/jca/ProviderConfig$3 done
Event: 1.970 loading class sun/security/jca/ProviderConfig$ProviderLoader
Event: 1.970 Thread 0x00000204ad19f580 Thread added: 0x00000204ad19f580
Event: 1.970 loading class sun/security/jca/ProviderConfig$ProviderLoader done
Event: 1.975 loading class java/security/InvalidParameterException
Event: 1.975 loading class java/security/InvalidParameterException done
Event: 1.975 loading class java/security/ProviderException
Event: 1.975 loading class java/security/ProviderException done


Dynamic libraries:
0x00007ff74a630000 - 0x00007ff74a63a000 	C:\Program Files\JetBrains\IntelliJ IDEA 2023.1.4\jbr\bin\java.exe
0x00007ffee1430000 - 0x00007ffee1628000 	C:\windows\SYSTEM32\ntdll.dll
0x00007ffed8d00000 - 0x00007ffed8d19000 	C:\Program Files\Avast Software\Avast\aswhook.dll
0x00007ffee1330000 - 0x00007ffee13ed000 	C:\windows\System32\KERNEL32.DLL
0x00007ffedeba0000 - 0x00007ffedee96000 	C:\windows\System32\KERNELBASE.dll
0x00007ffedeea0000 - 0x00007ffedefa0000 	C:\windows\System32\ucrtbase.dll
0x00007ffed7940000 - 0x00007ffed795b000 	C:\Program Files\JetBrains\IntelliJ IDEA 2023.1.4\jbr\bin\VCRUNTIME140.dll
0x00007ffea9a40000 - 0x00007ffea9a57000 	C:\Program Files\JetBrains\IntelliJ IDEA 2023.1.4\jbr\bin\jli.dll
0x00007ffee0630000 - 0x00007ffee07ce000 	C:\windows\System32\USER32.dll
0x00007ffedf0c0000 - 0x00007ffedf0e2000 	C:\windows\System32\win32u.dll
0x00007ffee0600000 - 0x00007ffee062c000 	C:\windows\System32\GDI32.dll
0x00007ffedefa0000 - 0x00007ffedf0ba000 	C:\windows\System32\gdi32full.dll
0x00007ffebc070000 - 0x00007ffebc30a000 	C:\windows\WinSxS\amd64_microsoft.windows.common-controls_6595b64144ccf1df_6.0.19041.3636_none_60b6a03d71f818d5\COMCTL32.dll
0x00007ffedf870000 - 0x00007ffedf90e000 	C:\windows\System32\msvcrt.dll
0x00007ffedeb00000 - 0x00007ffedeb9d000 	C:\windows\System32\msvcp_win.dll
0x00007ffee05d0000 - 0x00007ffee0600000 	C:\windows\System32\IMM32.DLL
0x00007ffed7930000 - 0x00007ffed793c000 	C:\Program Files\JetBrains\IntelliJ IDEA 2023.1.4\jbr\bin\vcruntime140_1.dll
0x00007ffe9c310000 - 0x00007ffe9c39d000 	C:\Program Files\JetBrains\IntelliJ IDEA 2023.1.4\jbr\bin\msvcp140.dll
0x00007ffe81f50000 - 0x00007ffe82bbe000 	C:\Program Files\JetBrains\IntelliJ IDEA 2023.1.4\jbr\bin\server\jvm.dll
0x00007ffee07d0000 - 0x00007ffee0883000 	C:\windows\System32\ADVAPI32.dll
0x00007ffee03f0000 - 0x00007ffee048f000 	C:\windows\System32\sechost.dll
0x00007ffee02c0000 - 0x00007ffee03e6000 	C:\windows\System32\RPCRT4.dll
0x00007ffedf140000 - 0x00007ffedf167000 	C:\windows\System32\bcrypt.dll
0x00007ffed5f10000 - 0x00007ffed5f1a000 	C:\windows\SYSTEM32\VERSION.dll
0x00007ffed5bc0000 - 0x00007ffed5be7000 	C:\windows\SYSTEM32\WINMM.dll
0x00007ffec6c90000 - 0x00007ffec6c99000 	C:\windows\SYSTEM32\WSOCK32.dll
0x00007ffee0550000 - 0x00007ffee05bb000 	C:\windows\System32\WS2_32.dll
0x00007ffedc950000 - 0x00007ffedc962000 	C:\windows\SYSTEM32\kernel.appcore.dll
0x00007ffec9d10000 - 0x00007ffec9d1a000 	C:\Program Files\JetBrains\IntelliJ IDEA 2023.1.4\jbr\bin\jimage.dll
0x00007ffecc7e0000 - 0x00007ffecc9c4000 	C:\windows\SYSTEM32\DBGHELP.DLL
0x00007ffecbcc0000 - 0x00007ffecbcf4000 	C:\windows\SYSTEM32\dbgcore.DLL
0x00007ffedf380000 - 0x00007ffedf402000 	C:\windows\System32\bcryptPrimitives.dll
0x00007ffe9f360000 - 0x00007ffe9f385000 	C:\Program Files\JetBrains\IntelliJ IDEA 2023.1.4\jbr\bin\java.dll
0x00007ffec8d30000 - 0x00007ffec8d48000 	C:\Program Files\JetBrains\IntelliJ IDEA 2023.1.4\jbr\bin\zip.dll
0x00007ffedf910000 - 0x00007ffee0055000 	C:\windows\System32\SHELL32.dll
0x00007ffedcb70000 - 0x00007ffedd30b000 	C:\windows\SYSTEM32\windows.storage.dll
0x00007ffee09e0000 - 0x00007ffee0d34000 	C:\windows\System32\combase.dll
0x00007ffede4b0000 - 0x00007ffede4dd000 	C:\windows\SYSTEM32\Wldp.dll
0x00007ffedf7c0000 - 0x00007ffedf86d000 	C:\windows\System32\SHCORE.dll
0x00007ffedf760000 - 0x00007ffedf7b5000 	C:\windows\System32\shlwapi.dll
0x00007ffedea30000 - 0x00007ffedea55000 	C:\windows\SYSTEM32\profapi.dll
0x00007ffec7b30000 - 0x00007ffec7b49000 	C:\Program Files\JetBrains\IntelliJ IDEA 2023.1.4\jbr\bin\net.dll
0x00007ffed9660000 - 0x00007ffed976a000 	C:\windows\SYSTEM32\WINHTTP.dll
0x00007ffede1c0000 - 0x00007ffede22a000 	C:\windows\system32\mswsock.dll
0x00007ffeb1090000 - 0x00007ffeb10a6000 	C:\Program Files\JetBrains\IntelliJ IDEA 2023.1.4\jbr\bin\nio.dll
0x00007ffeddeb0000 - 0x00007ffeddeeb000 	C:\windows\SYSTEM32\IPHLPAPI.DLL
0x00007ffee05c0000 - 0x00007ffee05c8000 	C:\windows\System32\NSI.dll
0x00007ffed7800000 - 0x00007ffed7817000 	C:\windows\SYSTEM32\dhcpcsvc6.DLL
0x00007ffed7010000 - 0x00007ffed702d000 	C:\windows\SYSTEM32\dhcpcsvc.DLL
0x00007ffeddef0000 - 0x00007ffeddfba000 	C:\windows\SYSTEM32\DNSAPI.dll
0x00007ffede410000 - 0x00007ffede428000 	C:\windows\SYSTEM32\CRYPTSP.dll
0x00007ffeddaf0000 - 0x00007ffeddb24000 	C:\windows\system32\rsaenh.dll
0x00007ffede9f0000 - 0x00007ffedea1e000 	C:\windows\SYSTEM32\USERENV.dll
0x00007ffede640000 - 0x00007ffede64c000 	C:\windows\SYSTEM32\CRYPTBASE.dll
0x00007ffec91d0000 - 0x00007ffec91d7000 	C:\Program Files\JetBrains\IntelliJ IDEA 2023.1.4\jbr\bin\rmi.dll
0x00007ffed6990000 - 0x00007ffed699a000 	C:\Windows\System32\rasadhlp.dll
0x00007ffed67b0000 - 0x00007ffed6830000 	C:\windows\System32\fwpuclnt.dll
0x00007ffeaf3a0000 - 0x00007ffeaf3a9000 	C:\Program Files\JetBrains\IntelliJ IDEA 2023.1.4\jbr\bin\management.dll
0x00007ffeaf390000 - 0x00007ffeaf39b000 	C:\Program Files\JetBrains\IntelliJ IDEA 2023.1.4\jbr\bin\management_ext.dll
0x00007ffee0890000 - 0x00007ffee0898000 	C:\windows\System32\PSAPI.DLL

dbghelp: loaded successfully - version: 4.0.5 - missing functions: none
symbol engine: initialized successfully - sym options: 0x614 - pdb path: .;C:\Program Files\JetBrains\IntelliJ IDEA 2023.1.4\jbr\bin;C:\windows\SYSTEM32;C:\Program Files\Avast Software\Avast;C:\windows\WinSxS\amd64_microsoft.windows.common-controls_6595b64144ccf1df_6.0.19041.3636_none_60b6a03d71f818d5;C:\Program Files\JetBrains\IntelliJ IDEA 2023.1.4\jbr\bin\server

VM Arguments:
jvm_args: -Djava.rmi.server.hostname=127.0.0.1 -Duser.timezone=UTC -Xmx750m -Xms128m --add-exports=java.desktop/sun.awt=ALL-UNNAMED --add-exports=java.desktop/java.awt.peer=ALL-UNNAMED --add-opens=java.desktop/java.awt=ALL-UNNAMED --add-opens=jdk.unsupported/sun.misc=ALL-UNNAMED --add-opens=java.base/java.nio=ALL-UNNAMED --add-opens=java.base/java.util=ALL-UNNAMED -Dfile.encoding=UTF-8 
java_command: com.intellij.database.remote.RemoteJdbcServer org.postgresql.Driver
java_class_path (initial): C:\Program Files\JetBrains\IntelliJ IDEA 2023.1.4\lib\util_rt.jar;C:\Program Files\JetBrains\IntelliJ IDEA 2023.1.4\lib\util-8.jar;C:\Program Files\JetBrains\IntelliJ IDEA 2023.1.4\lib\groovy.jar;C:\Program Files\JetBrains\IntelliJ IDEA 2023.1.4\plugins\DatabaseTools\lib\jdbc-console.jar;C:\Program Files\JetBrains\IntelliJ IDEA 2023.1.4\plugins\grid-core-impl\lib\jdbc-console-types.jar;C:\Program Files\JetBrains\IntelliJ IDEA 2023.1.4\lib\util.jar;C:\Users\hp\AppData\Roaming\JetBrains\IntelliJIdea2023.1\jdbc-drivers\PostgreSQL\42.6.0\org\postgresql\postgresql\42.6.0\postgresql-42.6.0.jar;C:\Users\hp\AppData\Roaming\JetBrains\IntelliJIdea2023.1\jdbc-drivers\PostgreSQL\42.6.0\org\checkerframework\checker-qual\3.31.0\checker-qual-3.31.0.jar;C:\Users\hp\AppData\Roaming\JetBrains\IntelliJIdea2023.1\jdbc-drivers\PostgreSQL\42.6.0\com\github\waffle\waffle-jna\1.9.1\waffle-jna-1.9.1.jar;C:\Users\hp\AppData\Roaming\JetBrains\IntelliJIdea2023.1\jdbc-drivers\PostgreSQL\42.6.0\net\java\dev\jna\jna\4.5.1\jna-4.5.1.jar;C:\Users\hp\AppData\Roaming\JetBrains\IntelliJIdea2023.1\jdbc-drivers\PostgreSQL\42.6.0\net\java\dev\jna\jna-platform\4.5.1\jna-platform-4.5.1.jar;C:\Users\hp\AppData\Roaming\JetBrains\IntelliJIdea2023.1\jdbc-drivers\PostgreSQL\42.6.0\org\slf4j\jcl-over-slf4j\1.7.25\jcl-over-slf4j-1.7.25.jar;C:\Users\hp\AppData\Roaming\JetBrains\IntelliJIdea2023.1\jdbc-drivers\PostgreSQL\42.6.0\org\slf4j\slf4j-api\1.7.25\slf4j-api-1.7.25.jar;C:\Users\hp\AppData\Roaming\JetBrains\IntelliJIdea2023.1\jdbc-drivers\PostgreSQL\42.6.0\com\github\ben-manes\caffeine\caffeine\2.6.2\caffeine-2.6.2.jar
Launcher Type: SUN_STANDARD

[Global flags]
     intx CICompilerCount                          = 3                                         {product} {ergonomic}
     uint ConcGCThreads                            = 2                                         {product} {ergonomic}
     uint G1ConcRefinementThreads                  = 6                                         {product} {ergonomic}
   size_t G1HeapRegionSize                         = 1048576                                   {product} {ergonomic}
    uintx GCDrainStackTargetSize                   = 64                                        {product} {ergonomic}
   size_t InitialHeapSize                          = 134217728                                 {product} {command line}
   size_t MarkStackSize                            = 4194304                                   {product} {ergonomic}
   size_t MaxHeapSize                              = 786432000                                 {product} {command line}
   size_t MaxNewSize                               = 471859200                                 {product} {ergonomic}
   size_t MinHeapDeltaBytes                        = 1048576                                   {product} {ergonomic}
   size_t MinHeapSize                              = 134217728                                 {product} {command line}
    uintx NonNMethodCodeHeapSize                   = 5832780                                {pd product} {ergonomic}
    uintx NonProfiledCodeHeapSize                  = 122912730                              {pd product} {ergonomic}
    uintx ProfiledCodeHeapSize                     = 122912730                              {pd product} {ergonomic}
    uintx ReservedCodeCacheSize                    = 251658240                              {pd product} {ergonomic}
     bool SegmentedCodeCache                       = true                                      {product} {ergonomic}
   size_t SoftMaxHeapSize                          = 786432000                              {manageable} {ergonomic}
     bool UseCompressedClassPointers               = true                           {product lp64_product} {ergonomic}
     bool UseCompressedOops                        = true                           {product lp64_product} {ergonomic}
     bool UseG1GC                                  = true                                      {product} {ergonomic}
     bool UseLargePagesIndividualAllocation        = false                                  {pd product} {ergonomic}

Logging:
Log output configuration:
 #0: stdout all=warning uptime,level,tags
 #1: stderr all=off uptime,level,tags

Environment Variables:
JAVA_HOME=C:\Program Files\Java\jdk-17
PATH=C:\Program Files\Common Files\Oracle\Java\javapath;C:\Program Files (x86)\Common Files\Oracle\Java\javapath;C:\ProgramData\Oracle\Java\javapath;C:\windows\system32;C:\windows;C:\windows\System32\Wbem;C:\windows\System32\WindowsPowerShell\v1.0\;C:\windows\System32\OpenSSH\;C:\Program Files (x86)\dotnet\;C:\xampp\php;C:\ProgramData\ComposerSetup\bin;C:\Program Files\nodejs\;C:\Program Files\Git\cmd;C:\MinGW\bin;C:\Program Files\Microsoft SQL Server\150\Tools\Binn\;C:\Program Files\dotnet\;C:\Program Files\Java\jdk-17\bin;C:\Program Files\Docker\Docker\resources\bin;C:\Program Files\MongoDB\Server\6.0\bin;C:\mongosh\bin;C:\sqlite;C:\Users\hp\AppData\Local\Programs\Python\Python38\Scripts\;C:\Users\hp\AppData\Local\Programs\Python\Python38\;C:\Users\hp\AppData\Local\Microsoft\WindowsApps;C:\Users\hp\AppData\Local\Programs\Microsoft VS Code\bin;C:\Users\hp\AppData\Roaming\Composer\vendor\bin;C:\Users\hp\AppData\Roaming\npm;C:\MinGW\bin;C:\Users\hp\.dotnet\tools;C:\Program Files\JetBrains\IntelliJ IDEA 2023.1.4\bin;
USERNAME=hp
OS=Windows_NT
PROCESSOR_IDENTIFIER=AMD64 Family 23 Model 96 Stepping 1, AuthenticAMD
TMP=C:\Users\hp\AppData\Local\Temp
TEMP=C:\Users\hp\AppData\Local\Temp


JNI global refs:
JNI global refs: 16, weak refs: 0

JNI global refs memory usage: 843, weak refs: 841


---------------  S Y S T E M  ---------------

OS:
 Windows 10 , 64 bit Build 19041 (10.0.19041.3636)
OS uptime: 0 days 2:56 hours
Hyper-V role detected

CPU: total 6 (initial active 6) (6 cores per cpu, 1 threads per core) family 23 model 96 stepping 1 microcode 0x0, cx8, cmov, fxsr, mmx, 3dnowpref, sse, sse2, sse3, ssse3, sse4a, sse4.1, sse4.2, popcnt, lzcnt, tsc, tscinvbit, avx, avx2, aes, clmul, bmi1, bmi2, adx, sha, fma, vzeroupper, clflush, clflushopt, hv

Memory: 4k page, system-wide physical 3442M (414M free)
TotalPageFile size 14194M (AvailPageFile size 5M)
current process WorkingSet (physical memory assigned to process): 80M, peak: 80M
current process commit charge ("private bytes"): 230M, peak: 231M

vm_info: OpenJDK 64-Bit Server VM (17.0.7+10-b829.16) for windows-amd64 JRE (17.0.7+10-b829.16), built on 2023-06-02 by "builduser" with MS VC++ 16.10 / 16.11 (VS2019)

END.
