#
# There is insufficient memory for the Java Runtime Environment to continue.
# Native memory allocation (mmap) failed to map 65536 bytes for Failed to commit metaspace.
# Possible reasons:
#   The system is out of physical RAM or swap space
#   The process is running with CompressedOops enabled, and the Java Heap may be blocking the growth of the native heap
# Possible solutions:
#   Reduce memory load on the system
#   Increase physical memory or swap space
#   Check if swap backing store is full
#   Decrease Java heap size (-Xmx/-Xms)
#   Decrease number of Java threads
#   Decrease Java thread stack sizes (-Xss)
#   Set larger code cache with -XX:ReservedCodeCacheSize=
#   JVM is running with Unscaled Compressed Oops mode in which the Java heap is
#     placed in the first 4GB address space. The Java Heap base address is the
#     maximum limit for the native heap growth. Please use -XX:HeapBaseMinAddress
#     to set the Java Heap base and to place the Java Heap above 4GB virtual address.
# This output file may be truncated or incomplete.
#
#  Out of Memory Error (virtualSpaceNode.cpp:110), pid=20672, tid=21404
#
# JRE version: Java(TM) SE Runtime Environment (17.0.6+9) (build 17.0.6+9-LTS-190)
# Java VM: Java HotSpot(TM) 64-Bit Server VM (17.0.6+9-LTS-190, mixed mode, emulated-client, sharing, tiered, compressed oops, compressed class ptrs, g1 gc, windows-amd64)
# No core dump will be written. Minidumps are not enabled by default on client versions of Windows
#

---------------  S U M M A R Y ------------

Command Line: -XX:TieredStopAtLevel=1 -Dspring.output.ansi.enabled=always -Dcom.sun.management.jmxremote -Dspring.jmx.enabled=true -Dspring.liveBeansView.mbeanDomain -Dspring.application.admin.enabled=true -Dmanagement.endpoints.jmx.exposure.include=* -javaagent:C:\Program Files\JetBrains\IntelliJ IDEA 2023.1.4\lib\idea_rt.jar=49959:C:\Program Files\JetBrains\IntelliJ IDEA 2023.1.4\bin -Dfile.encoding=UTF-8 com.master.trainingcentermanagement.TrainingCenterManagementApplication

Host: AMD Ryzen 5 4500U with Radeon Graphics         , 6 cores, 3G,  Windows 10 , 64 bit Build 19041 (10.0.19041.3636)
Time: Fri Jan 19 18:24:32 2024 Maroc (heure d64 bit Build 19041 (10.0.19041.3636) elapsed time: 8.231243 seconds (0d 0h 0m 8s)

---------------  T H R E A D  ---------------

Current thread (0x0000012aeaa2c1c0):  JavaThread "restartedMain" [_thread_in_vm, id=21404, stack(0x000000154c000000,0x000000154c100000)]

Stack: [0x000000154c000000,0x000000154c100000]
Native frames: (J=compiled Java code, j=interpreted, Vv=VM code, C=native code)
V  [jvm.dll+0x6734ea]
V  [jvm.dll+0x7d18f4]
V  [jvm.dll+0x7d309e]
V  [jvm.dll+0x7d3703]
V  [jvm.dll+0x2433c5]
V  [jvm.dll+0x7cd9fb]
V  [jvm.dll+0x619546]
V  [jvm.dll+0x1bdf07]
V  [jvm.dll+0x61bea0]
V  [jvm.dll+0x619f06]
V  [jvm.dll+0x366922]
V  [jvm.dll+0x1df88b]
V  [jvm.dll+0x539a05]
V  [jvm.dll+0x74c7bd]
V  [jvm.dll+0x74c71a]
V  [jvm.dll+0x408773]
V  [jvm.dll+0x41beac]
C  [java.dll+0x1657]

Java frames: (J=compiled Java code, j=interpreted, Vv=VM code)
J 1555  java.lang.ClassLoader.defineClass0(Ljava/lang/ClassLoader;Ljava/lang/Class;Ljava/lang/String;[BIILjava/security/ProtectionDomain;ZILjava/lang/Object;)Ljava/lang/Class; java.base@17.0.6 (0 bytes) @ 0x0000012ae244c991 [0x0000012ae244c8a0+0x00000000000000f1]
J 1554 c1 java.lang.System$2.defineClass(Ljava/lang/ClassLoader;Ljava/lang/Class;Ljava/lang/String;[BLjava/security/ProtectionDomain;ZILjava/lang/Object;)Ljava/lang/Class; java.base@17.0.6 (21 bytes) @ 0x0000012ae244ec8c [0x0000012ae244ec20+0x000000000000006c]
J 1553 c1 java.lang.invoke.MethodHandles$Lookup$ClassDefiner.defineClass(ZLjava/lang/Object;)Ljava/lang/Class; java.base@17.0.6 (97 bytes) @ 0x0000012ae244e614 [0x0000012ae244e300+0x0000000000000314]
j  java.lang.invoke.InvokerBytecodeGenerator.loadMethod([B)Ljava/lang/invoke/MemberName;+16 java.base@17.0.6
J 3419 c1 java.lang.invoke.LambdaForm.compileToBytecode()V java.base@17.0.6 (164 bytes) @ 0x0000012ae27e694c [0x0000012ae27e67e0+0x000000000000016c]
j  java.lang.invoke.DirectMethodHandle.makePreparedLambdaForm(Ljava/lang/invoke/MethodType;I)Ljava/lang/invoke/LambdaForm;+792 java.base@17.0.6
J 1276 c1 java.lang.invoke.DirectMethodHandle.preparedLambdaForm(Ljava/lang/invoke/MemberName;Z)Ljava/lang/invoke/LambdaForm; java.base@17.0.6 (244 bytes) @ 0x0000012ae23dd04c [0x0000012ae23dcde0+0x000000000000026c]
J 1376 c1 java.lang.invoke.DirectMethodHandle.make(BLjava/lang/Class;Ljava/lang/invoke/MemberName;Ljava/lang/Class;)Ljava/lang/invoke/DirectMethodHandle; java.base@17.0.6 (275 bytes) @ 0x0000012ae2408d3c [0x0000012ae2408800+0x000000000000053c]
J 1533 c1 java.lang.invoke.MethodHandles$Lookup.getDirectMethodCommon(BLjava/lang/Class;Ljava/lang/invoke/MemberName;ZZLjava/lang/invoke/MethodHandles$Lookup;)Ljava/lang/invoke/MethodHandle; java.base@17.0.6 (280 bytes) @ 0x0000012ae24444ac [0x0000012ae2444100+0x00000000000003ac]
J 1586 c1 java.lang.invoke.MethodHandles$Lookup.getDirectMethodForConstant(BLjava/lang/Class;Ljava/lang/invoke/MemberName;)Ljava/lang/invoke/MethodHandle; java.base@17.0.6 (72 bytes) @ 0x0000012ae2459f44 [0x0000012ae2459b60+0x00000000000003e4]
J 1293 c1 java.lang.invoke.MethodHandles$Lookup.linkMethodHandleConstant(BLjava/lang/Class;Ljava/lang/String;Ljava/lang/Object;)Ljava/lang/invoke/MethodHandle; java.base@17.0.6 (223 bytes) @ 0x0000012ae23e382c [0x0000012ae23e3280+0x00000000000005ac]
J 1292 c1 java.lang.invoke.MethodHandleNatives.linkMethodHandleConstant(Ljava/lang/Class;ILjava/lang/Class;Ljava/lang/String;Ljava/lang/Object;)Ljava/lang/invoke/MethodHandle; java.base@17.0.6 (50 bytes) @ 0x0000012ae23e2d1c [0x0000012ae23e2cc0+0x000000000000005c]
v  ~StubRoutines::call_stub
j  org.hibernate.tool.schema.spi.SchemaManagementToolCoordinator.process(Lorg/hibernate/boot/Metadata;Lorg/hibernate/service/ServiceRegistry;Ljava/util/Map;Lorg/hibernate/tool/schema/spi/DelayedDropRegistry;)V+354
j  org.hibernate.internal.SessionFactoryImpl.<init>(Lorg/hibernate/boot/spi/MetadataImplementor;Lorg/hibernate/boot/spi/SessionFactoryOptions;)V+900
j  org.hibernate.boot.internal.SessionFactoryBuilderImpl.build()Lorg/hibernate/SessionFactory;+59
j  org.hibernate.jpa.boot.internal.EntityManagerFactoryBuilderImpl.build()Ljakarta/persistence/EntityManagerFactory;+22
j  org.springframework.orm.jpa.vendor.SpringHibernateJpaPersistenceProvider.createContainerEntityManagerFactory(Ljakarta/persistence/spi/PersistenceUnitInfo;Ljava/util/Map;)Ljakarta/persistence/EntityManagerFactory;+59
j  org.springframework.orm.jpa.LocalContainerEntityManagerFactoryBean.createNativeEntityManagerFactory()Ljakarta/persistence/EntityManagerFactory;+111
j  org.springframework.orm.jpa.AbstractEntityManagerFactoryBean.buildNativeEntityManagerFactory()Ljakarta/persistence/EntityManagerFactory;+1
j  org.springframework.orm.jpa.AbstractEntityManagerFactoryBean.afterPropertiesSet()V+192
j  org.springframework.orm.jpa.LocalContainerEntityManagerFactoryBean.afterPropertiesSet()V+84
j  org.springframework.beans.factory.support.AbstractAutowireCapableBeanFactory.invokeInitMethods(Ljava/lang/String;Ljava/lang/Object;Lorg/springframework/beans/factory/support/RootBeanDefinition;)V+56
j  org.springframework.beans.factory.support.AbstractAutowireCapableBeanFactory.initializeBean(Ljava/lang/String;Ljava/lang/Object;Lorg/springframework/beans/factory/support/RootBeanDefinition;)Ljava/lang/Object;+34
j  org.springframework.beans.factory.support.AbstractAutowireCapableBeanFactory.doCreateBean(Ljava/lang/String;Lorg/springframework/beans/factory/support/RootBeanDefinition;[Ljava/lang/Object;)Ljava/lang/Object;+228
j  org.springframework.beans.factory.support.AbstractAutowireCapableBeanFactory.createBean(Ljava/lang/String;Lorg/springframework/beans/factory/support/RootBeanDefinition;[Ljava/lang/Object;)Ljava/lang/Object;+153
j  org.springframework.beans.factory.support.AbstractBeanFactory.lambda$doGetBean$0(Ljava/lang/String;Lorg/springframework/beans/factory/support/RootBeanDefinition;[Ljava/lang/Object;)Ljava/lang/Object;+4
j  org.springframework.beans.factory.support.AbstractBeanFactory$$Lambda$329+0x0000000800e00e38.getObject()Ljava/lang/Object;+16
j  org.springframework.beans.factory.support.DefaultSingletonBeanRegistry.getSingleton(Ljava/lang/String;Lorg/springframework/beans/factory/ObjectFactory;)Ljava/lang/Object;+114
J 2744 c1 org.springframework.beans.factory.support.AbstractBeanFactory.doGetBean(Ljava/lang/String;Ljava/lang/Class;[Ljava/lang/Object;Z)Ljava/lang/Object; (714 bytes) @ 0x0000012ae26ce504 [0x0000012ae26cdf40+0x00000000000005c4]
j  org.springframework.beans.factory.support.AbstractBeanFactory.getBean(Ljava/lang/String;)Ljava/lang/Object;+5
j  org.springframework.beans.factory.support.BeanDefinitionValueResolver.resolveReference(Ljava/lang/Object;Lorg/springframework/beans/factory/config/RuntimeBeanReference;)Ljava/lang/Object;+145
j  org.springframework.beans.factory.support.BeanDefinitionValueResolver.resolveValueIfNecessary(Ljava/lang/Object;Ljava/lang/Object;)Ljava/lang/Object;+15
j  org.springframework.beans.factory.support.ConstructorResolver.resolveConstructorArguments(Ljava/lang/String;Lorg/springframework/beans/factory/support/RootBeanDefinition;Lorg/springframework/beans/BeanWrapper;Lorg/springframework/beans/factory/config/ConstructorArgumentValues;Lorg/springframework/beans/factory/config/ConstructorArgumentValues;)I+182
j  org.springframework.beans.factory.support.ConstructorResolver.instantiateUsingFactoryMethod(Ljava/lang/String;Lorg/springframework/beans/factory/support/RootBeanDefinition;[Ljava/lang/Object;)Lorg/springframework/beans/BeanWrapper;+588
j  org.springframework.beans.factory.support.AbstractAutowireCapableBeanFactory.instantiateUsingFactoryMethod(Ljava/lang/String;Lorg/springframework/beans/factory/support/RootBeanDefinition;[Ljava/lang/Object;)Lorg/springframework/beans/BeanWrapper;+11
j  org.springframework.beans.factory.support.AbstractAutowireCapableBeanFactory.createBeanInstance(Ljava/lang/String;Lorg/springframework/beans/factory/support/RootBeanDefinition;[Ljava/lang/Object;)Lorg/springframework/beans/BeanWrapper;+89
j  org.springframework.beans.factory.support.AbstractAutowireCapableBeanFactory.doCreateBean(Ljava/lang/String;Lorg/springframework/beans/factory/support/RootBeanDefinition;[Ljava/lang/Object;)Ljava/lang/Object;+34
j  org.springframework.beans.factory.support.AbstractAutowireCapableBeanFactory.createBean(Ljava/lang/String;Lorg/springframework/beans/factory/support/RootBeanDefinition;[Ljava/lang/Object;)Ljava/lang/Object;+153
j  org.springframework.beans.factory.support.AbstractBeanFactory.lambda$doGetBean$0(Ljava/lang/String;Lorg/springframework/beans/factory/support/RootBeanDefinition;[Ljava/lang/Object;)Ljava/lang/Object;+4
j  org.springframework.beans.factory.support.AbstractBeanFactory$$Lambda$329+0x0000000800e00e38.getObject()Ljava/lang/Object;+16
j  org.springframework.beans.factory.support.DefaultSingletonBeanRegistry.getSingleton(Ljava/lang/String;Lorg/springframework/beans/factory/ObjectFactory;)Ljava/lang/Object;+114
J 2744 c1 org.springframework.beans.factory.support.AbstractBeanFactory.doGetBean(Ljava/lang/String;Ljava/lang/Class;[Ljava/lang/Object;Z)Ljava/lang/Object; (714 bytes) @ 0x0000012ae26ce504 [0x0000012ae26cdf40+0x00000000000005c4]
j  org.springframework.beans.factory.support.AbstractBeanFactory.getBean(Ljava/lang/String;)Ljava/lang/Object;+5
j  org.springframework.beans.factory.support.BeanDefinitionValueResolver.resolveReference(Ljava/lang/Object;Lorg/springframework/beans/factory/config/RuntimeBeanReference;)Ljava/lang/Object;+145
j  org.springframework.beans.factory.support.BeanDefinitionValueResolver.resolveValueIfNecessary(Ljava/lang/Object;Ljava/lang/Object;)Ljava/lang/Object;+15
j  org.springframework.beans.factory.support.AbstractAutowireCapableBeanFactory.applyPropertyValues(Ljava/lang/String;Lorg/springframework/beans/factory/config/BeanDefinition;Lorg/springframework/beans/BeanWrapper;Lorg/springframework/beans/PropertyValues;)V+274
j  org.springframework.beans.factory.support.AbstractAutowireCapableBeanFactory.populateBean(Ljava/lang/String;Lorg/springframework/beans/factory/support/RootBeanDefinition;Lorg/springframework/beans/BeanWrapper;)V+351
j  org.springframework.beans.factory.support.AbstractAutowireCapableBeanFactory.doCreateBean(Ljava/lang/String;Lorg/springframework/beans/factory/support/RootBeanDefinition;[Ljava/lang/Object;)Ljava/lang/Object;+220
j  org.springframework.beans.factory.support.AbstractAutowireCapableBeanFactory.createBean(Ljava/lang/String;Lorg/springframework/beans/factory/support/RootBeanDefinition;[Ljava/lang/Object;)Ljava/lang/Object;+153
j  org.springframework.beans.factory.support.AbstractBeanFactory.lambda$doGetBean$0(Ljava/lang/String;Lorg/springframework/beans/factory/support/RootBeanDefinition;[Ljava/lang/Object;)Ljava/lang/Object;+4
j  org.springframework.beans.factory.support.AbstractBeanFactory$$Lambda$329+0x0000000800e00e38.getObject()Ljava/lang/Object;+16
j  org.springframework.beans.factory.support.DefaultSingletonBeanRegistry.getSingleton(Ljava/lang/String;Lorg/springframework/beans/factory/ObjectFactory;)Ljava/lang/Object;+114
J 2744 c1 org.springframework.beans.factory.support.AbstractBeanFactory.doGetBean(Ljava/lang/String;Ljava/lang/Class;[Ljava/lang/Object;Z)Ljava/lang/Object; (714 bytes) @ 0x0000012ae26ce504 [0x0000012ae26cdf40+0x00000000000005c4]
j  org.springframework.beans.factory.support.AbstractBeanFactory.getBean(Ljava/lang/String;)Ljava/lang/Object;+5
j  org.springframework.beans.factory.config.DependencyDescriptor.resolveCandidate(Ljava/lang/String;Ljava/lang/Class;Lorg/springframework/beans/factory/BeanFactory;)Ljava/lang/Object;+2
j  org.springframework.beans.factory.support.DefaultListableBeanFactory.doResolveDependency(Lorg/springframework/beans/factory/config/DependencyDescriptor;Ljava/lang/String;Ljava/util/Set;Lorg/springframework/beans/TypeConverter;)Ljava/lang/Object;+444
j  org.springframework.beans.factory.support.DefaultListableBeanFactory.resolveDependency(Lorg/springframework/beans/factory/config/DependencyDescriptor;Ljava/lang/String;Ljava/util/Set;Lorg/springframework/beans/TypeConverter;)Ljava/lang/Object;+107
j  org.springframework.beans.factory.support.ConstructorResolver.resolveAutowiredArgument(Lorg/springframework/core/MethodParameter;Ljava/lang/String;Ljava/util/Set;Lorg/springframework/beans/TypeConverter;Z)Ljava/lang/Object;+67
j  org.springframework.beans.factory.support.ConstructorResolver.createArgumentArray(Ljava/lang/String;Lorg/springframework/beans/factory/support/RootBeanDefinition;Lorg/springframework/beans/factory/config/ConstructorArgumentValues;Lorg/springframework/beans/BeanWrapper;[Ljava/lang/Class;[Ljava/lang/String;Ljava/lang/reflect/Executable;ZZ)Lorg/springframework/beans/factory/support/ConstructorResolver$ArgumentsHolder;+392
j  org.springframework.beans.factory.support.ConstructorResolver.autowireConstructor(Ljava/lang/String;Lorg/springframework/beans/factory/support/RootBeanDefinition;[Ljava/lang/reflect/Constructor;[Ljava/lang/Object;)Lorg/springframework/beans/BeanWrapper;+530
j  org.springframework.beans.factory.support.AbstractAutowireCapableBeanFactory.autowireConstructor(Ljava/lang/String;Lorg/springframework/beans/factory/support/RootBeanDefinition;[Ljava/lang/reflect/Constructor;[Ljava/lang/Object;)Lorg/springframework/beans/BeanWrapper;+13
j  org.springframework.beans.factory.support.AbstractAutowireCapableBeanFactory.createBeanInstance(Ljava/lang/String;Lorg/springframework/beans/factory/support/RootBeanDefinition;[Ljava/lang/Object;)Lorg/springframework/beans/BeanWrapper;+209
j  org.springframework.beans.factory.support.AbstractAutowireCapableBeanFactory.doCreateBean(Ljava/lang/String;Lorg/springframework/beans/factory/support/RootBeanDefinition;[Ljava/lang/Object;)Ljava/lang/Object;+34
j  org.springframework.beans.factory.support.AbstractAutowireCapableBeanFactory.createBean(Ljava/lang/String;Lorg/springframework/beans/factory/support/RootBeanDefinition;[Ljava/lang/Object;)Ljava/lang/Object;+153
j  org.springframework.beans.factory.support.AbstractBeanFactory.lambda$doGetBean$0(Ljava/lang/String;Lorg/springframework/beans/factory/support/RootBeanDefinition;[Ljava/lang/Object;)Ljava/lang/Object;+4
j  org.springframework.beans.factory.support.AbstractBeanFactory$$Lambda$329+0x0000000800e00e38.getObject()Ljava/lang/Object;+16
j  org.springframework.beans.factory.support.DefaultSingletonBeanRegistry.getSingleton(Ljava/lang/String;Lorg/springframework/beans/factory/ObjectFactory;)Ljava/lang/Object;+114
J 2744 c1 org.springframework.beans.factory.support.AbstractBeanFactory.doGetBean(Ljava/lang/String;Ljava/lang/Class;[Ljava/lang/Object;Z)Ljava/lang/Object; (714 bytes) @ 0x0000012ae26ce504 [0x0000012ae26cdf40+0x00000000000005c4]
j  org.springframework.beans.factory.support.AbstractBeanFactory.getBean(Ljava/lang/String;)Ljava/lang/Object;+5
j  org.springframework.beans.factory.support.ConstructorResolver.instantiateUsingFactoryMethod(Ljava/lang/String;Lorg/springframework/beans/factory/support/RootBeanDefinition;[Ljava/lang/Object;)Lorg/springframework/beans/BeanWrapper;+60
j  org.springframework.beans.factory.support.AbstractAutowireCapableBeanFactory.instantiateUsingFactoryMethod(Ljava/lang/String;Lorg/springframework/beans/factory/support/RootBeanDefinition;[Ljava/lang/Object;)Lorg/springframework/beans/BeanWrapper;+11
j  org.springframework.beans.factory.support.AbstractAutowireCapableBeanFactory.createBeanInstance(Ljava/lang/String;Lorg/springframework/beans/factory/support/RootBeanDefinition;[Ljava/lang/Object;)Lorg/springframework/beans/BeanWrapper;+89
j  org.springframework.beans.factory.support.AbstractAutowireCapableBeanFactory.doCreateBean(Ljava/lang/String;Lorg/springframework/beans/factory/support/RootBeanDefinition;[Ljava/lang/Object;)Ljava/lang/Object;+34
j  org.springframework.beans.factory.support.AbstractAutowireCapableBeanFactory.createBean(Ljava/lang/String;Lorg/springframework/beans/factory/support/RootBeanDefinition;[Ljava/lang/Object;)Ljava/lang/Object;+153
j  org.springframework.beans.factory.support.AbstractBeanFactory.lambda$doGetBean$0(Ljava/lang/String;Lorg/springframework/beans/factory/support/RootBeanDefinition;[Ljava/lang/Object;)Ljava/lang/Object;+4
j  org.springframework.beans.factory.support.AbstractBeanFactory$$Lambda$329+0x0000000800e00e38.getObject()Ljava/lang/Object;+16
j  org.springframework.beans.factory.support.DefaultSingletonBeanRegistry.getSingleton(Ljava/lang/String;Lorg/springframework/beans/factory/ObjectFactory;)Ljava/lang/Object;+114
J 2744 c1 org.springframework.beans.factory.support.AbstractBeanFactory.doGetBean(Ljava/lang/String;Ljava/lang/Class;[Ljava/lang/Object;Z)Ljava/lang/Object; (714 bytes) @ 0x0000012ae26ce504 [0x0000012ae26cdf40+0x00000000000005c4]
j  org.springframework.beans.factory.support.AbstractBeanFactory.getBean(Ljava/lang/String;)Ljava/lang/Object;+5
j  org.springframework.beans.factory.config.DependencyDescriptor.resolveCandidate(Ljava/lang/String;Ljava/lang/Class;Lorg/springframework/beans/factory/BeanFactory;)Ljava/lang/Object;+2
j  org.springframework.beans.factory.support.DefaultListableBeanFactory.doResolveDependency(Lorg/springframework/beans/factory/config/DependencyDescriptor;Ljava/lang/String;Ljava/util/Set;Lorg/springframework/beans/TypeConverter;)Ljava/lang/Object;+444
j  org.springframework.beans.factory.support.DefaultListableBeanFactory.resolveDependency(Lorg/springframework/beans/factory/config/DependencyDescriptor;Ljava/lang/String;Ljava/util/Set;Lorg/springframework/beans/TypeConverter;)Ljava/lang/Object;+107
j  org.springframework.beans.factory.support.ConstructorResolver.resolveAutowiredArgument(Lorg/springframework/core/MethodParameter;Ljava/lang/String;Ljava/util/Set;Lorg/springframework/beans/TypeConverter;Z)Ljava/lang/Object;+67
j  org.springframework.beans.factory.support.ConstructorResolver.createArgumentArray(Ljava/lang/String;Lorg/springframework/beans/factory/support/RootBeanDefinition;Lorg/springframework/beans/factory/config/ConstructorArgumentValues;Lorg/springframework/beans/BeanWrapper;[Ljava/lang/Class;[Ljava/lang/String;Ljava/lang/reflect/Executable;ZZ)Lorg/springframework/beans/factory/support/ConstructorResolver$ArgumentsHolder;+392
j  org.springframework.beans.factory.support.ConstructorResolver.autowireConstructor(Ljava/lang/String;Lorg/springframework/beans/factory/support/RootBeanDefinition;[Ljava/lang/reflect/Constructor;[Ljava/lang/Object;)Lorg/springframework/beans/BeanWrapper;+530
j  org.springframework.beans.factory.support.AbstractAutowireCapableBeanFactory.autowireConstructor(Ljava/lang/String;Lorg/springframework/beans/factory/support/RootBeanDefinition;[Ljava/lang/reflect/Constructor;[Ljava/lang/Object;)Lorg/springframework/beans/BeanWrapper;+13
j  org.springframework.beans.factory.support.AbstractAutowireCapableBeanFactory.createBeanInstance(Ljava/lang/String;Lorg/springframework/beans/factory/support/RootBeanDefinition;[Ljava/lang/Object;)Lorg/springframework/beans/BeanWrapper;+209
j  org.springframework.beans.factory.support.AbstractAutowireCapableBeanFactory.doCreateBean(Ljava/lang/String;Lorg/springframework/beans/factory/support/RootBeanDefinition;[Ljava/lang/Object;)Ljava/lang/Object;+34
j  org.springframework.beans.factory.support.AbstractAutowireCapableBeanFactory.createBean(Ljava/lang/String;Lorg/springframework/beans/factory/support/RootBeanDefinition;[Ljava/lang/Object;)Ljava/lang/Object;+153
j  org.springframework.beans.factory.support.AbstractBeanFactory.lambda$doGetBean$0(Ljava/lang/String;Lorg/springframework/beans/factory/support/RootBeanDefinition;[Ljava/lang/Object;)Ljava/lang/Object;+4
j  org.springframework.beans.factory.support.AbstractBeanFactory$$Lambda$329+0x0000000800e00e38.getObject()Ljava/lang/Object;+16
j  org.springframework.beans.factory.support.DefaultSingletonBeanRegistry.getSingleton(Ljava/lang/String;Lorg/springframework/beans/factory/ObjectFactory;)Ljava/lang/Object;+114
J 2744 c1 org.springframework.beans.factory.support.AbstractBeanFactory.doGetBean(Ljava/lang/String;Ljava/lang/Class;[Ljava/lang/Object;Z)Ljava/lang/Object; (714 bytes) @ 0x0000012ae26ce504 [0x0000012ae26cdf40+0x00000000000005c4]
J 2748 c1 org.springframework.beans.factory.support.AbstractBeanFactory.getBean(Ljava/lang/String;Ljava/lang/Class;)Ljava/lang/Object; (9 bytes) @ 0x0000012ae26d27e4 [0x0000012ae26d27a0+0x0000000000000044]
j  org.springframework.boot.web.servlet.ServletContextInitializerBeans.getOrderedBeansOfType(Lorg/springframework/beans/factory/ListableBeanFactory;Ljava/lang/Class;Ljava/util/Set;)Ljava/util/List;+69
j  org.springframework.boot.web.servlet.ServletContextInitializerBeans.addAsRegistrationBean(Lorg/springframework/beans/factory/ListableBeanFactory;Ljava/lang/Class;Ljava/lang/Class;Lorg/springframework/boot/web/servlet/ServletContextInitializerBeans$RegistrationBeanAdapter;)V+7
j  org.springframework.boot.web.servlet.ServletContextInitializerBeans.addAsRegistrationBean(Lorg/springframework/beans/factory/ListableBeanFactory;Ljava/lang/Class;Lorg/springframework/boot/web/servlet/ServletContextInitializerBeans$RegistrationBeanAdapter;)V+5
j  org.springframework.boot.web.servlet.ServletContextInitializerBeans.addAdaptableBeans(Lorg/springframework/beans/factory/ListableBeanFactory;)V+32
j  org.springframework.boot.web.servlet.ServletContextInitializerBeans.<init>(Lorg/springframework/beans/factory/ListableBeanFactory;[Ljava/lang/Class;)V+54
j  org.springframework.boot.web.servlet.context.ServletWebServerApplicationContext.getServletContextInitializerBeans()Ljava/util/Collection;+12
j  org.springframework.boot.web.servlet.context.ServletWebServerApplicationContext.selfInitialize(Ljakarta/servlet/ServletContext;)V+19
j  org.springframework.boot.web.servlet.context.ServletWebServerApplicationContext$$Lambda$737+0x000000080103f220.onStartup(Ljakarta/servlet/ServletContext;)V+5
j  org.springframework.boot.web.embedded.tomcat.TomcatStarter.onStartup(Ljava/util/Set;Ljakarta/servlet/ServletContext;)V+28
j  org.apache.catalina.core.StandardContext.startInternal()V+1013
j  org.apache.catalina.util.LifecycleBase.start()V+210
j  org.apache.catalina.core.ContainerBase$StartChild.call()Ljava/lang/Void;+4
j  org.apache.catalina.core.ContainerBase$StartChild.call()Ljava/lang/Object;+1
j  java.util.concurrent.FutureTask.run()V+39 java.base@17.0.6
j  org.apache.tomcat.util.threads.InlineExecutorService.execute(Ljava/lang/Runnable;)V+38
j  java.util.concurrent.AbstractExecutorService.submit(Ljava/util/concurrent/Callable;)Ljava/util/concurrent/Future;+20 java.base@17.0.6
j  org.apache.catalina.core.ContainerBase.startInternal()V+106
j  org.apache.catalina.core.StandardHost.startInternal()V+175
j  org.apache.catalina.util.LifecycleBase.start()V+210
j  org.apache.catalina.core.ContainerBase$StartChild.call()Ljava/lang/Void;+4
j  org.apache.catalina.core.ContainerBase$StartChild.call()Ljava/lang/Object;+1
j  java.util.concurrent.FutureTask.run()V+39 java.base@17.0.6
j  org.apache.tomcat.util.threads.InlineExecutorService.execute(Ljava/lang/Runnable;)V+38
j  java.util.concurrent.AbstractExecutorService.submit(Ljava/util/concurrent/Callable;)Ljava/util/concurrent/Future;+20 java.base@17.0.6
j  org.apache.catalina.core.ContainerBase.startInternal()V+106
j  org.apache.catalina.core.StandardEngine.startInternal()V+38
j  org.apache.catalina.util.LifecycleBase.start()V+210
j  org.apache.catalina.core.StandardService.startInternal()V+63
j  org.apache.catalina.util.LifecycleBase.start()V+210
j  org.apache.catalina.core.StandardServer.startInternal()V+53
j  org.apache.catalina.util.LifecycleBase.start()V+210
j  org.apache.catalina.startup.Tomcat.start()V+9
j  org.springframework.boot.web.embedded.tomcat.TomcatWebServer.initialize()V+51
j  org.springframework.boot.web.embedded.tomcat.TomcatWebServer.<init>(Lorg/apache/catalina/startup/Tomcat;ZLorg/springframework/boot/web/server/Shutdown;)V+66
j  org.springframework.boot.web.embedded.tomcat.TomcatServletWebServerFactory.getTomcatWebServer(Lorg/apache/catalina/startup/Tomcat;)Lorg/springframework/boot/web/embedded/tomcat/TomcatWebServer;+21
j  org.springframework.boot.web.embedded.tomcat.TomcatServletWebServerFactory.getWebServer([Lorg/springframework/boot/web/servlet/ServletContextInitializer;)Lorg/springframework/boot/web/server/WebServer;+212
j  org.springframework.boot.web.servlet.context.ServletWebServerApplicationContext.createWebServer()V+67
j  org.springframework.boot.web.servlet.context.ServletWebServerApplicationContext.onRefresh()V+5
j  org.springframework.context.support.AbstractApplicationContext.refresh()V+77
j  org.springframework.boot.web.servlet.context.ServletWebServerApplicationContext.refresh()V+1
j  org.springframework.boot.SpringApplication.refresh(Lorg/springframework/context/ConfigurableApplicationContext;)V+1
j  org.springframework.boot.SpringApplication.refreshContext(Lorg/springframework/context/ConfigurableApplicationContext;)V+16
j  org.springframework.boot.SpringApplication.run([Ljava/lang/String;)Lorg/springframework/context/ConfigurableApplicationContext;+101
j  org.springframework.boot.SpringApplication.run([Ljava/lang/Class;[Ljava/lang/String;)Lorg/springframework/context/ConfigurableApplicationContext;+9
j  org.springframework.boot.SpringApplication.run(Ljava/lang/Class;[Ljava/lang/String;)Lorg/springframework/context/ConfigurableApplicationContext;+9
j  com.master.trainingcentermanagement.TrainingCenterManagementApplication.main([Ljava/lang/String;)V+3
v  ~StubRoutines::call_stub
j  jdk.internal.reflect.NativeMethodAccessorImpl.invoke0(Ljava/lang/reflect/Method;Ljava/lang/Object;[Ljava/lang/Object;)Ljava/lang/Object;+0 java.base@17.0.6
j  jdk.internal.reflect.NativeMethodAccessorImpl.invoke(Ljava/lang/Object;[Ljava/lang/Object;)Ljava/lang/Object;+133 java.base@17.0.6
j  jdk.internal.reflect.DelegatingMethodAccessorImpl.invoke(Ljava/lang/Object;[Ljava/lang/Object;)Ljava/lang/Object;+6 java.base@17.0.6
j  java.lang.reflect.Method.invoke(Ljava/lang/Object;[Ljava/lang/Object;)Ljava/lang/Object;+59 java.base@17.0.6
j  org.springframework.boot.devtools.restart.RestartLauncher.run()V+42
v  ~StubRoutines::call_stub

---------------  P R O C E S S  ---------------

Threads class SMR info:
_java_thread_list=0x0000012aec988330, length=21, elements={
0x0000012ada801af0, 0x0000012ada8b35e0, 0x0000012ada8b4250, 0x0000012ae9702000,
0x0000012ae97029b0, 0x0000012ae9703360, 0x0000012ae9704730, 0x0000012ae9708900,
0x0000012ae97092f0, 0x0000012aea148050, 0x0000012ae96fcb60, 0x0000012aea5ba9c0,
0x0000012aea5beba0, 0x0000012aea6bfa30, 0x0000012aeaa2b870, 0x0000012aeaa2c1c0,
0x0000012aebcd4200, 0x0000012aebd14820, 0x0000012aebe7d270, 0x0000012aecb2fd10,
0x0000012aecb30b80
}

Java Threads: ( => current thread )
  0x0000012ada801af0 JavaThread "main" [_thread_blocked, id=20208, stack(0x000000154a300000,0x000000154a400000)]
  0x0000012ada8b35e0 JavaThread "Reference Handler" daemon [_thread_blocked, id=20588, stack(0x000000154aa00000,0x000000154ab00000)]
  0x0000012ada8b4250 JavaThread "Finalizer" daemon [_thread_blocked, id=23148, stack(0x000000154ab00000,0x000000154ac00000)]
  0x0000012ae9702000 JavaThread "Signal Dispatcher" daemon [_thread_blocked, id=2504, stack(0x000000154ac00000,0x000000154ad00000)]
  0x0000012ae97029b0 JavaThread "Attach Listener" daemon [_thread_blocked, id=19468, stack(0x000000154ad00000,0x000000154ae00000)]
  0x0000012ae9703360 JavaThread "Service Thread" daemon [_thread_blocked, id=19188, stack(0x000000154ae00000,0x000000154af00000)]
  0x0000012ae9704730 JavaThread "Monitor Deflation Thread" daemon [_thread_blocked, id=7800, stack(0x000000154af00000,0x000000154b000000)]
  0x0000012ae9708900 JavaThread "C1 CompilerThread0" daemon [_thread_blocked, id=15724, stack(0x000000154b000000,0x000000154b100000)]
  0x0000012ae97092f0 JavaThread "Sweeper thread" daemon [_thread_blocked, id=824, stack(0x000000154b100000,0x000000154b200000)]
  0x0000012aea148050 JavaThread "Common-Cleaner" daemon [_thread_blocked, id=22316, stack(0x000000154b200000,0x000000154b300000)]
  0x0000012ae96fcb60 JavaThread "C1 CompilerThread1" daemon [_thread_blocked, id=17572, stack(0x000000154b300000,0x000000154b400000)]
  0x0000012aea5ba9c0 JavaThread "Monitor Ctrl-Break" daemon [_thread_in_native, id=19872, stack(0x000000154b400000,0x000000154b500000)]
  0x0000012aea5beba0 JavaThread "Notification Thread" daemon [_thread_blocked, id=22300, stack(0x000000154b500000,0x000000154b600000)]
  0x0000012aea6bfa30 JavaThread "RMI TCP Accept-0" daemon [_thread_in_native, id=21880, stack(0x000000154b600000,0x000000154b700000)]
  0x0000012aeaa2b870 JavaThread "Thread-0" [_thread_blocked, id=7104, stack(0x000000154bf00000,0x000000154c000000)]
=>0x0000012aeaa2c1c0 JavaThread "restartedMain" [_thread_in_vm, id=21404, stack(0x000000154c000000,0x000000154c100000)]
  0x0000012aebcd4200 JavaThread "RMI TCP Connection(1)-44.4.4.17" daemon [_thread_in_native, id=20768, stack(0x000000154c200000,0x000000154c300000)]
  0x0000012aebd14820 JavaThread "RMI Scheduler(0)" daemon [_thread_blocked, id=22108, stack(0x000000154c300000,0x000000154c400000)]
  0x0000012aebe7d270 JavaThread "C1 CompilerThread2" daemon [_thread_blocked, id=10236, stack(0x000000154c500000,0x000000154c600000)]
  0x0000012aecb2fd10 JavaThread "HikariPool-1 housekeeper" daemon [_thread_blocked, id=13768, stack(0x000000154c600000,0x000000154c700000)]
  0x0000012aecb30b80 JavaThread "HikariPool-1 connection adder" daemon [_thread_blocked, id=3004, stack(0x000000154c700000,0x000000154c800000)]

Other Threads:
  0x0000012ada8a7ac0 VMThread "VM Thread" [stack: 0x000000154a900000,0x000000154aa00000] [id=20624]
  0x0000012ada857130 WatcherThread [stack: 0x000000154b700000,0x000000154b800000] [id=21668]
  0x0000012ada83b780 GCTaskThread "GC Thread#0" [stack: 0x000000154a400000,0x000000154a500000] [id=17324]
  0x0000012aea9922e0 GCTaskThread "GC Thread#1" [stack: 0x000000154b800000,0x000000154b900000] [id=22500]
  0x0000012aeaa3c480 GCTaskThread "GC Thread#2" [stack: 0x000000154b900000,0x000000154ba00000] [id=21432]
  0x0000012aeaa3c730 GCTaskThread "GC Thread#3" [stack: 0x000000154ba00000,0x000000154bb00000] [id=22980]
  0x0000012aeaa3d600 GCTaskThread "GC Thread#4" [stack: 0x000000154bb00000,0x000000154bc00000] [id=16412]
  0x0000012aeaa402e0 GCTaskThread "GC Thread#5" [stack: 0x000000154bc00000,0x000000154bd00000] [id=11908]
  0x0000012ada843b60 ConcurrentGCThread "G1 Main Marker" [stack: 0x000000154a500000,0x000000154a600000] [id=22332]
  0x0000012ada844d10 ConcurrentGCThread "G1 Conc#0" [stack: 0x000000154a600000,0x000000154a700000] [id=19932]
  0x0000012aebfd3030 ConcurrentGCThread "G1 Conc#1" [stack: 0x000000154c400000,0x000000154c500000] [id=18712]
  0x0000012ada884420 ConcurrentGCThread "G1 Refine#0" [stack: 0x000000154a700000,0x000000154a800000] [id=21076]
  0x0000012aea2ed9b0 ConcurrentGCThread "G1 Refine#1" [stack: 0x000000154bd00000,0x000000154be00000] [id=18080]
  0x0000012aea5a9000 ConcurrentGCThread "G1 Refine#2" [stack: 0x000000154be00000,0x000000154bf00000] [id=20620]
  0x0000012ada887150 ConcurrentGCThread "G1 Service" [stack: 0x000000154a800000,0x000000154a900000] [id=19088]

Threads with active compile tasks:

VM state: not at safepoint (normal execution)

VM Mutex/Monitor currently owned by a thread:  ([mutex/lock_event])
[0x0000012ada7fca20] Metaspace_lock - owner thread: 0x0000012aeaa2c1c0

Heap address: 0x00000000ca200000, size: 862 MB, Compressed Oops mode: 32-bit

CDS archive(s) mapped at: [0x0000000800000000-0x0000000800bd0000-0x0000000800bd0000), size 12386304, SharedBaseAddress: 0x0000000800000000, ArchiveRelocationMode: 0.
Compressed class space mapped at: 0x0000000800c00000-0x0000000840c00000, reserved size: 1073741824
Narrow klass base: 0x0000000800000000, Narrow klass shift: 0, Narrow klass range: 0x100000000

GC Precious Log:
 CPUs: 6 total, 6 available
 Memory: 3442M
 Large Page Support: Disabled
 NUMA Support: Disabled
 Compressed Oops: Enabled (32-bit)
 Heap Region Size: 1M
 Heap Min Capacity: 8M
 Heap Initial Capacity: 54M
 Heap Max Capacity: 862M
 Pre-touch: Disabled
 Parallel Workers: 6
 Concurrent Workers: 2
 Concurrent Refinement Workers: 6
 Periodic GC: Disabled

Heap:
 garbage-first heap   total 51200K, used 28366K [0x00000000ca200000, 0x0000000100000000)
  region size 1024K, 7 young (7168K), 2 survivors (2048K)
 Metaspace       used 51492K, committed 51968K, reserved 1097728K
  class space    used 7515K, committed 7744K, reserved 1048576K

Heap Regions: E=young(eden), S=young(survivor), O=old, HS=humongous(starts), HC=humongous(continues), CS=collection set, F=free, OA=open archive, CA=closed archive, TAMS=top-at-mark-start (previous, next)
|   0|0x00000000ca200000, 0x00000000ca300000, 0x00000000ca300000|100%|HS|  |TAMS 0x00000000ca300000, 0x00000000ca200000| Complete 
|   1|0x00000000ca300000, 0x00000000ca400000, 0x00000000ca400000|100%| O|  |TAMS 0x00000000ca400000, 0x00000000ca300000| Untracked 
|   2|0x00000000ca400000, 0x00000000ca500000, 0x00000000ca500000|100%| O|  |TAMS 0x00000000ca500000, 0x00000000ca400000| Untracked 
|   3|0x00000000ca500000, 0x00000000ca600000, 0x00000000ca600000|100%| O|  |TAMS 0x00000000ca600000, 0x00000000ca500000| Untracked 
|   4|0x00000000ca600000, 0x00000000ca700000, 0x00000000ca700000|100%| O|  |TAMS 0x00000000ca700000, 0x00000000ca600000| Untracked 
|   5|0x00000000ca700000, 0x00000000ca800000, 0x00000000ca800000|100%| O|  |TAMS 0x00000000ca800000, 0x00000000ca700000| Untracked 
|   6|0x00000000ca800000, 0x00000000ca900000, 0x00000000ca900000|100%| O|  |TAMS 0x00000000ca900000, 0x00000000ca800000| Untracked 
|   7|0x00000000ca900000, 0x00000000caa00000, 0x00000000caa00000|100%| O|  |TAMS 0x00000000caa00000, 0x00000000ca900000| Untracked 
|   8|0x00000000caa00000, 0x00000000cab00000, 0x00000000cab00000|100%| O|  |TAMS 0x00000000cab00000, 0x00000000caa00000| Untracked 
|   9|0x00000000cab00000, 0x00000000cac00000, 0x00000000cac00000|100%| O|  |TAMS 0x00000000cac00000, 0x00000000cab00000| Untracked 
|  10|0x00000000cac00000, 0x00000000cad00000, 0x00000000cad00000|100%| O|  |TAMS 0x00000000cad00000, 0x00000000cac00000| Untracked 
|  11|0x00000000cad00000, 0x00000000cae00000, 0x00000000cae00000|100%| O|  |TAMS 0x00000000cae00000, 0x00000000cad00000| Untracked 
|  12|0x00000000cae00000, 0x00000000caf00000, 0x00000000caf00000|100%| O|  |TAMS 0x00000000caf00000, 0x00000000cae00000| Untracked 
|  13|0x00000000caf00000, 0x00000000cb000000, 0x00000000cb000000|100%| O|  |TAMS 0x00000000cb000000, 0x00000000caf00000| Untracked 
|  14|0x00000000cb000000, 0x00000000cb100000, 0x00000000cb100000|100%| O|  |TAMS 0x00000000cb100000, 0x00000000cb000000| Untracked 
|  15|0x00000000cb100000, 0x00000000cb200000, 0x00000000cb200000|100%| O|  |TAMS 0x00000000cb200000, 0x00000000cb100000| Untracked 
|  16|0x00000000cb200000, 0x00000000cb300000, 0x00000000cb300000|100%| O|  |TAMS 0x00000000cb300000, 0x00000000cb200000| Untracked 
|  17|0x00000000cb300000, 0x00000000cb400000, 0x00000000cb400000|100%| O|  |TAMS 0x00000000cb400000, 0x00000000cb300000| Untracked 
|  18|0x00000000cb400000, 0x00000000cb500000, 0x00000000cb500000|100%| O|  |TAMS 0x00000000cb500000, 0x00000000cb400000| Untracked 
|  19|0x00000000cb500000, 0x00000000cb600000, 0x00000000cb600000|100%| O|  |TAMS 0x00000000cb600000, 0x00000000cb500000| Untracked 
|  20|0x00000000cb600000, 0x00000000cb700000, 0x00000000cb700000|100%| O|  |TAMS 0x00000000cb700000, 0x00000000cb600000| Untracked 
|  21|0x00000000cb700000, 0x00000000cb800000, 0x00000000cb800000|100%| O|  |TAMS 0x00000000cb800000, 0x00000000cb700000| Untracked 
|  22|0x00000000cb800000, 0x00000000cb900000, 0x00000000cb900000|100%| O|  |TAMS 0x00000000cb836000, 0x00000000cb800000| Untracked 
|  23|0x00000000cb900000, 0x00000000cb971000, 0x00000000cba00000| 44%| O|  |TAMS 0x00000000cb900000, 0x00000000cb900000| Untracked 
|  24|0x00000000cba00000, 0x00000000cba00000, 0x00000000cbb00000|  0%| F|  |TAMS 0x00000000cba00000, 0x00000000cba00000| Untracked 
|  25|0x00000000cbb00000, 0x00000000cbb00000, 0x00000000cbc00000|  0%| F|  |TAMS 0x00000000cbb00000, 0x00000000cbb00000| Untracked 
|  26|0x00000000cbc00000, 0x00000000cbc00000, 0x00000000cbd00000|  0%| F|  |TAMS 0x00000000cbc00000, 0x00000000cbc00000| Untracked 
|  27|0x00000000cbd00000, 0x00000000cbd00000, 0x00000000cbe00000|  0%| F|  |TAMS 0x00000000cbd00000, 0x00000000cbd00000| Untracked 
|  28|0x00000000cbe00000, 0x00000000cbe00000, 0x00000000cbf00000|  0%| F|  |TAMS 0x00000000cbe00000, 0x00000000cbe00000| Untracked 
|  29|0x00000000cbf00000, 0x00000000cbf00000, 0x00000000cc000000|  0%| F|  |TAMS 0x00000000cbf00000, 0x00000000cbf00000| Untracked 
|  30|0x00000000cc000000, 0x00000000cc000000, 0x00000000cc100000|  0%| F|  |TAMS 0x00000000cc000000, 0x00000000cc000000| Untracked 
|  31|0x00000000cc100000, 0x00000000cc100000, 0x00000000cc200000|  0%| F|  |TAMS 0x00000000cc100000, 0x00000000cc100000| Untracked 
|  32|0x00000000cc200000, 0x00000000cc200000, 0x00000000cc300000|  0%| F|  |TAMS 0x00000000cc200000, 0x00000000cc200000| Untracked 
|  33|0x00000000cc300000, 0x00000000cc3429a0, 0x00000000cc400000| 26%| S|CS|TAMS 0x00000000cc300000, 0x00000000cc300000| Complete 
|  34|0x00000000cc400000, 0x00000000cc500000, 0x00000000cc500000|100%| S|CS|TAMS 0x00000000cc400000, 0x00000000cc400000| Complete 
|  35|0x00000000cc500000, 0x00000000cc500000, 0x00000000cc600000|  0%| F|  |TAMS 0x00000000cc500000, 0x00000000cc500000| Untracked 
|  36|0x00000000cc600000, 0x00000000cc600000, 0x00000000cc700000|  0%| F|  |TAMS 0x00000000cc600000, 0x00000000cc600000| Untracked 
|  37|0x00000000cc700000, 0x00000000cc700000, 0x00000000cc800000|  0%| F|  |TAMS 0x00000000cc700000, 0x00000000cc700000| Untracked 
|  38|0x00000000cc800000, 0x00000000cc800000, 0x00000000cc900000|  0%| F|  |TAMS 0x00000000cc800000, 0x00000000cc800000| Untracked 
|  39|0x00000000cc900000, 0x00000000cc900000, 0x00000000cca00000|  0%| F|  |TAMS 0x00000000cc900000, 0x00000000cc900000| Untracked 
|  40|0x00000000cca00000, 0x00000000cca00000, 0x00000000ccb00000|  0%| F|  |TAMS 0x00000000cca00000, 0x00000000cca00000| Untracked 
|  41|0x00000000ccb00000, 0x00000000ccb00000, 0x00000000ccc00000|  0%| F|  |TAMS 0x00000000ccb00000, 0x00000000ccb00000| Untracked 
|  42|0x00000000ccc00000, 0x00000000ccc00000, 0x00000000ccd00000|  0%| F|  |TAMS 0x00000000ccc00000, 0x00000000ccc00000| Untracked 
|  43|0x00000000ccd00000, 0x00000000ccd00000, 0x00000000cce00000|  0%| F|  |TAMS 0x00000000ccd00000, 0x00000000ccd00000| Untracked 
|  44|0x00000000cce00000, 0x00000000cce00000, 0x00000000ccf00000|  0%| F|  |TAMS 0x00000000cce00000, 0x00000000cce00000| Untracked 
|  45|0x00000000ccf00000, 0x00000000ccfbbb30, 0x00000000cd000000| 73%| E|  |TAMS 0x00000000ccf00000, 0x00000000ccf00000| Complete 
|  46|0x00000000cd000000, 0x00000000cd100000, 0x00000000cd100000|100%| E|CS|TAMS 0x00000000cd000000, 0x00000000cd000000| Complete 
|  47|0x00000000cd100000, 0x00000000cd200000, 0x00000000cd200000|100%| E|CS|TAMS 0x00000000cd100000, 0x00000000cd100000| Complete 
|  48|0x00000000cd200000, 0x00000000cd300000, 0x00000000cd300000|100%| E|CS|TAMS 0x00000000cd200000, 0x00000000cd200000| Complete 
|  53|0x00000000cd700000, 0x00000000cd800000, 0x00000000cd800000|100%| E|  |TAMS 0x00000000cd700000, 0x00000000cd700000| Complete 

Card table byte_map: [0x0000012ae5220000,0x0000012ae53d0000] _byte_map_base: 0x0000012ae4bcf000

Marking Bits (Prev, Next): (CMBitMap*) 0x0000012ada83bdd0, (CMBitMap*) 0x0000012ada83bd90
 Prev Bits: [0x0000012ae6300000, 0x0000012ae7078000)
 Next Bits: [0x0000012ae5580000, 0x0000012ae62f8000)

Polling page: 0x0000012ad87a0000

Metaspace:

Usage:
  Non-class:     42.95 MB used.
      Class:      7.34 MB used.
       Both:     50.29 MB used.

Virtual space:
  Non-class space:       48.00 MB reserved,      43.19 MB ( 90%) committed,  6 nodes.
      Class space:        1.00 GB reserved,       7.56 MB ( <1%) committed,  1 nodes.
             Both:        1.05 GB reserved,      50.75 MB (  5%) committed. 

Chunk freelists:
   Non-Class:  143.00 KB
       Class:  447.00 KB
        Both:  590.00 KB

MaxMetaspaceSize: unlimited
CompressedClassSpaceSize: 1.00 GB
Initial GC threshold: 21.00 MB
Current GC threshold: 83.56 MB
CDS: on
MetaspaceReclaimPolicy: balanced
 - commit_granule_bytes: 65536.
 - commit_granule_words: 8192.
 - virtual_space_node_default_size: 1048576.
 - enlarge_chunks_in_place: 1.
 - new_chunks_are_fully_committed: 0.
 - uncommit_free_chunks: 1.
 - use_allocation_guard: 0.
 - handle_deallocations: 1.


Internal statistics:

num_allocs_failed_limit: 6.
num_arena_births: 648.
num_arena_deaths: 0.
num_vsnodes_births: 7.
num_vsnodes_deaths: 0.
num_space_committed: 812.
num_space_uncommitted: 0.
num_chunks_returned_to_freelist: 6.
num_chunks_taken_from_freelist: 2537.
num_chunk_merges: 6.
num_chunk_splits: 1821.
num_chunks_enlarged: 1393.
num_purges: 0.
num_inconsistent_stats: 0.

CodeCache: size=49152Kb used=10362Kb max_used=10362Kb free=38789Kb
 bounds [0x0000012ae2070000, 0x0000012ae2a90000, 0x0000012ae5070000]
 total_blobs=5895 nmethods=5272 adapters=548
 compilation: enabled
              stopped_count=0, restarted_count=0
 full_count=0

Compilation events (20 events):
Event: 8.225 Thread 0x0000012ae9708900 5264       1       java.io.ObjectInputStream$BlockDataInputStream::readUTFBody (192 bytes)
Event: 8.225 Thread 0x0000012aebe7d270 nmethod 5261 0x0000012ae2a8b090 code [0x0000012ae2a8b240, 0x0000012ae2a8b438]
Event: 8.225 Thread 0x0000012aebe7d270 5263       1       java.io.ObjectInputStream$BlockDataInputStream::readUnsignedShort (76 bytes)
Event: 8.225 Thread 0x0000012ae96fcb60 nmethod 5262 0x0000012ae2a8b590 code [0x0000012ae2a8b740, 0x0000012ae2a8b838]
Event: 8.225 Thread 0x0000012ae96fcb60 5265       1       java.util.HashSet::<init> (17 bytes)
Event: 8.225 Thread 0x0000012ae96fcb60 nmethod 5265 0x0000012ae2a8b910 code [0x0000012ae2a8bae0, 0x0000012ae2a8bc88]
Event: 8.225 Thread 0x0000012aebe7d270 nmethod 5263 0x0000012ae2a8bd90 code [0x0000012ae2a8bf40, 0x0000012ae2a8c138]
Event: 8.225 Thread 0x0000012aebe7d270 5266       1       java.io.ObjectInputStream$FilterValues::depth (5 bytes)
Event: 8.225 Thread 0x0000012ae96fcb60 5267       1       java.io.ObjectInputStream$FilterValues::serialClass (5 bytes)
Event: 8.225 Thread 0x0000012aebe7d270 nmethod 5266 0x0000012ae2a8c290 code [0x0000012ae2a8c420, 0x0000012ae2a8c4f8]
Event: 8.225 Thread 0x0000012ae96fcb60 nmethod 5267 0x0000012ae2a8c590 code [0x0000012ae2a8c720, 0x0000012ae2a8c7f8]
Event: 8.225 Thread 0x0000012aebe7d270 5268       1       java.io.Bits::getLong (105 bytes)
Event: 8.225 Thread 0x0000012aebe7d270 nmethod 5268 0x0000012ae2a8c890 code [0x0000012ae2a8ca20, 0x0000012ae2a8cbf8]
Event: 8.226 Thread 0x0000012ae9708900 nmethod 5264 0x0000012ae2a8cc90 code [0x0000012ae2a8cea0, 0x0000012ae2a8d4d8]
Event: 8.227 Thread 0x0000012ae9708900 5271       1       java.io.ObjectInputStream$HandleTable::finish (111 bytes)
Event: 8.227 Thread 0x0000012aebe7d270 5270       1       java.io.ObjectInputStream$HandleTable::assign (48 bytes)
Event: 8.227 Thread 0x0000012ae96fcb60 5272       1       java.io.ObjectOutputStream::writeShort (9 bytes)
Event: 8.227 Thread 0x0000012ae9708900 nmethod 5271 0x0000012ae2a8da90 code [0x0000012ae2a8dc40, 0x0000012ae2a8dec8]
Event: 8.227 Thread 0x0000012ae96fcb60 nmethod 5272 0x0000012ae2a8e010 code [0x0000012ae2a8e1a0, 0x0000012ae2a8e288]
Event: 8.227 Thread 0x0000012aebe7d270 nmethod 5270 0x0000012ae2a8e310 code [0x0000012ae2a8e4c0, 0x0000012ae2a8e708]

GC Heap History (20 events):
Event: 3.358 GC heap before
{Heap before GC invocations=7 (full 0):
 garbage-first heap   total 51200K, used 16265K [0x00000000ca200000, 0x0000000100000000)
  region size 1024K, 4 young (4096K), 3 survivors (3072K)
 Metaspace       used 23137K, committed 23488K, reserved 1073152K
  class space    used 3223K, committed 3392K, reserved 1048576K
}
Event: 3.360 GC heap after
{Heap after GC invocations=8 (full 0):
 garbage-first heap   total 51200K, used 15437K [0x00000000ca200000, 0x0000000100000000)
  region size 1024K, 1 young (1024K), 1 survivors (1024K)
 Metaspace       used 23137K, committed 23488K, reserved 1073152K
  class space    used 3223K, committed 3392K, reserved 1048576K
}
Event: 3.822 GC heap before
{Heap before GC invocations=8 (full 0):
 garbage-first heap   total 51200K, used 35917K [0x00000000ca200000, 0x0000000100000000)
  region size 1024K, 21 young (21504K), 1 survivors (1024K)
 Metaspace       used 25455K, committed 25792K, reserved 1073152K
  class space    used 3544K, committed 3712K, reserved 1048576K
}
Event: 3.824 GC heap after
{Heap after GC invocations=9 (full 0):
 garbage-first heap   total 51200K, used 16326K [0x00000000ca200000, 0x0000000100000000)
  region size 1024K, 2 young (2048K), 2 survivors (2048K)
 Metaspace       used 25455K, committed 25792K, reserved 1073152K
  class space    used 3544K, committed 3712K, reserved 1048576K
}
Event: 4.561 GC heap before
{Heap before GC invocations=9 (full 0):
 garbage-first heap   total 51200K, used 37830K [0x00000000ca200000, 0x0000000100000000)
  region size 1024K, 23 young (23552K), 2 survivors (2048K)
 Metaspace       used 28769K, committed 29120K, reserved 1081344K
  class space    used 4055K, committed 4224K, reserved 1048576K
}
Event: 4.565 GC heap after
{Heap after GC invocations=10 (full 0):
 garbage-first heap   total 51200K, used 18336K [0x00000000ca200000, 0x0000000100000000)
  region size 1024K, 3 young (3072K), 3 survivors (3072K)
 Metaspace       used 28769K, committed 29120K, reserved 1081344K
  class space    used 4055K, committed 4224K, reserved 1048576K
}
Event: 5.077 GC heap before
{Heap before GC invocations=10 (full 0):
 garbage-first heap   total 51200K, used 38816K [0x00000000ca200000, 0x0000000100000000)
  region size 1024K, 23 young (23552K), 3 survivors (3072K)
 Metaspace       used 31513K, committed 31936K, reserved 1081344K
  class space    used 4433K, committed 4672K, reserved 1048576K
}
Event: 5.081 GC heap after
{Heap after GC invocations=11 (full 0):
 garbage-first heap   total 51200K, used 20535K [0x00000000ca200000, 0x0000000100000000)
  region size 1024K, 3 young (3072K), 3 survivors (3072K)
 Metaspace       used 31513K, committed 31936K, reserved 1081344K
  class space    used 4433K, committed 4672K, reserved 1048576K
}
Event: 5.577 GC heap before
{Heap before GC invocations=11 (full 0):
 garbage-first heap   total 51200K, used 37943K [0x00000000ca200000, 0x0000000100000000)
  region size 1024K, 21 young (21504K), 3 survivors (3072K)
 Metaspace       used 35106K, committed 35584K, reserved 1081344K
  class space    used 4974K, committed 5184K, reserved 1048576K
}
Event: 5.581 GC heap after
{Heap after GC invocations=12 (full 0):
 garbage-first heap   total 51200K, used 21544K [0x00000000ca200000, 0x0000000100000000)
  region size 1024K, 2 young (2048K), 2 survivors (2048K)
 Metaspace       used 35106K, committed 35584K, reserved 1081344K
  class space    used 4974K, committed 5184K, reserved 1048576K
}
Event: 5.629 GC heap before
{Heap before GC invocations=12 (full 0):
 garbage-first heap   total 51200K, used 22568K [0x00000000ca200000, 0x0000000100000000)
  region size 1024K, 4 young (4096K), 2 survivors (2048K)
 Metaspace       used 35548K, committed 35968K, reserved 1081344K
  class space    used 5054K, committed 5248K, reserved 1048576K
}
Event: 5.631 GC heap after
{Heap after GC invocations=13 (full 0):
 garbage-first heap   total 51200K, used 21471K [0x00000000ca200000, 0x0000000100000000)
  region size 1024K, 1 young (1024K), 1 survivors (1024K)
 Metaspace       used 35548K, committed 35968K, reserved 1081344K
  class space    used 5054K, committed 5248K, reserved 1048576K
}
Event: 6.492 GC heap before
{Heap before GC invocations=14 (full 0):
 garbage-first heap   total 51200K, used 40927K [0x00000000ca200000, 0x0000000100000000)
  region size 1024K, 20 young (20480K), 1 survivors (1024K)
 Metaspace       used 40758K, committed 41216K, reserved 1089536K
  class space    used 5753K, committed 5952K, reserved 1048576K
}
Event: 6.496 GC heap after
{Heap after GC invocations=15 (full 0):
 garbage-first heap   total 51200K, used 22801K [0x00000000ca200000, 0x0000000100000000)
  region size 1024K, 3 young (3072K), 3 survivors (3072K)
 Metaspace       used 40758K, committed 41216K, reserved 1089536K
  class space    used 5753K, committed 5952K, reserved 1048576K
}
Event: 7.157 GC heap before
{Heap before GC invocations=15 (full 0):
 garbage-first heap   total 51200K, used 40209K [0x00000000ca200000, 0x0000000100000000)
  region size 1024K, 20 young (20480K), 3 survivors (3072K)
 Metaspace       used 44103K, committed 44608K, reserved 1089536K
  class space    used 6214K, committed 6464K, reserved 1048576K
}
Event: 7.163 GC heap after
{Heap after GC invocations=16 (full 0):
 garbage-first heap   total 51200K, used 24067K [0x00000000ca200000, 0x0000000100000000)
  region size 1024K, 3 young (3072K), 3 survivors (3072K)
 Metaspace       used 44103K, committed 44608K, reserved 1089536K
  class space    used 6214K, committed 6464K, reserved 1048576K
}
Event: 7.758 GC heap before
{Heap before GC invocations=16 (full 0):
 garbage-first heap   total 51200K, used 41475K [0x00000000ca200000, 0x0000000100000000)
  region size 1024K, 20 young (20480K), 3 survivors (3072K)
 Metaspace       used 48516K, committed 49024K, reserved 1097728K
  class space    used 6986K, committed 7232K, reserved 1048576K
}
Event: 7.762 GC heap after
{Heap after GC invocations=17 (full 0):
 garbage-first heap   total 51200K, used 24866K [0x00000000ca200000, 0x0000000100000000)
  region size 1024K, 3 young (3072K), 3 survivors (3072K)
 Metaspace       used 48516K, committed 49024K, reserved 1097728K
  class space    used 6986K, committed 7232K, reserved 1048576K
}
Event: 8.116 GC heap before
{Heap before GC invocations=17 (full 0):
 garbage-first heap   total 51200K, used 40226K [0x00000000ca200000, 0x0000000100000000)
  region size 1024K, 18 young (18432K), 3 survivors (3072K)
 Metaspace       used 50716K, committed 51264K, reserved 1097728K
  class space    used 7331K, committed 7616K, reserved 1048576K
}
Event: 8.118 GC heap after
{Heap after GC invocations=18 (full 0):
 garbage-first heap   total 51200K, used 25294K [0x00000000ca200000, 0x0000000100000000)
  region size 1024K, 2 young (2048K), 2 survivors (2048K)
 Metaspace       used 50716K, committed 51264K, reserved 1097728K
  class space    used 7331K, committed 7616K, reserved 1048576K
}

Deoptimization events (10 events):
Event: 2.063 Thread 0x0000012aeaa2c1c0 DEOPT PACKING pc=0x0000012ae24df799 sp=0x000000154c0fcec0
Event: 2.063 Thread 0x0000012aeaa2c1c0 DEOPT UNPACKING pc=0x0000012ae20c2b43 sp=0x000000154c0fc3a0 mode 3
Event: 4.740 Thread 0x0000012aeaa2c1c0 DEOPT PACKING pc=0x0000012ae289239d sp=0x000000154c0fce10
Event: 4.740 Thread 0x0000012aeaa2c1c0 DEOPT UNPACKING pc=0x0000012ae20c2b43 sp=0x000000154c0fc378 mode 3
Event: 6.234 Thread 0x0000012aeaa2c1c0 DEOPT PACKING pc=0x0000012ae24eaf01 sp=0x000000154c0f9010
Event: 6.234 Thread 0x0000012aeaa2c1c0 DEOPT UNPACKING pc=0x0000012ae20c2b43 sp=0x000000154c0f84a0 mode 3
Event: 6.234 Thread 0x0000012aecb2fd10 DEOPT PACKING pc=0x0000012ae248f517 sp=0x000000154c6ff1e0
Event: 6.234 Thread 0x0000012aecb2fd10 DEOPT UNPACKING pc=0x0000012ae20c2b43 sp=0x000000154c6fe638 mode 3
Event: 7.883 Thread 0x0000012aeaa2c1c0 DEOPT PACKING pc=0x0000012ae29ec4f4 sp=0x000000154c0f7dd0
Event: 7.883 Thread 0x0000012aeaa2c1c0 DEOPT UNPACKING pc=0x0000012ae20c2b43 sp=0x000000154c0f7258 mode 0

Classes unloaded (0 events):
No events

Classes redefined (0 events):
No events

Internal exceptions (20 events):
Event: 6.054 Thread 0x0000012aeaa2c1c0 Exception <a 'sun/nio/fs/WindowsException'{0x00000000ccadb730}> (0x00000000ccadb730) 
thrown [s\open\src\hotspot\share\prims\jni.cpp, line 516]
Event: 6.178 Thread 0x0000012aebcd4200 Exception <a 'java/lang/reflect/InvocationTargetException'{0x00000000cc8e7f28}> (0x00000000cc8e7f28) 
thrown [s\open\src\hotspot\share\runtime\reflection.cpp, line 1121]
Event: 6.349 Thread 0x0000012aeaa2c1c0 Exception <a 'java/lang/NoSuchMethodError'{0x00000000cc42eda8}: 'java.lang.Object java.lang.invoke.DirectMethodHandle$Holder.invokeStaticInit(java.lang.Object, java.lang.Object, java.lang.Object, java.lang.Object)'> (0x00000000cc42eda8) 
thrown [s\open\src\hotspot\share\interpreter\linkResolver.cpp, line 759]
Event: 6.543 Thread 0x0000012aeaa2c1c0 Exception <a 'java/lang/NoSuchMethodError'{0x00000000cd2ad300}: 'java.lang.Object java.lang.invoke.DirectMethodHandle$Holder.newInvokeSpecial(java.lang.Object, java.lang.Object, java.lang.Object, int)'> (0x00000000cd2ad300) 
thrown [s\open\src\hotspot\share\interpreter\linkResolver.cpp, line 759]
Event: 6.544 Thread 0x0000012aeaa2c1c0 Exception <a 'java/lang/NoSuchMethodError'{0x00000000cd2b1de0}: 'java.lang.Object java.lang.invoke.DirectMethodHandle$Holder.invokeSpecial(java.lang.Object, java.lang.Object, java.lang.Object, java.lang.Object, int)'> (0x00000000cd2b1de0) 
thrown [s\open\src\hotspot\share\interpreter\linkResolver.cpp, line 759]
Event: 6.544 Thread 0x0000012aeaa2c1c0 Exception <a 'java/lang/NoSuchMethodError'{0x00000000cd2b61a0}: 'java.lang.Object java.lang.invoke.Invokers$Holder.linkToTargetMethod(java.lang.Object, java.lang.Object, int, java.lang.Object)'> (0x00000000cd2b61a0) 
thrown [s\open\src\hotspot\share\interpreter\linkResolver.cpp, line 759]
Event: 6.689 Thread 0x0000012aebcd4200 Exception <a 'java/lang/reflect/InvocationTargetException'{0x00000000ccdc5b50}> (0x00000000ccdc5b50) 
thrown [s\open\src\hotspot\share\runtime\reflection.cpp, line 1121]
Event: 7.205 Thread 0x0000012aebcd4200 Exception <a 'java/lang/reflect/InvocationTargetException'{0x00000000cd2a0058}> (0x00000000cd2a0058) 
thrown [s\open\src\hotspot\share\runtime\reflection.cpp, line 1121]
Event: 7.371 Thread 0x0000012aeaa2c1c0 Exception <a 'java/lang/NoSuchMethodError'{0x00000000ccdb02f8}: 'java.lang.Object java.lang.invoke.DirectMethodHandle$Holder.invokeStatic(java.lang.Object, java.lang.Object, int, java.lang.Object)'> (0x00000000ccdb02f8) 
thrown [s\open\src\hotspot\share\interpreter\linkResolver.cpp, line 759]
Event: 7.372 Thread 0x0000012aeaa2c1c0 Exception <a 'java/lang/NoSuchMethodError'{0x00000000ccdb4588}: 'java.lang.Object java.lang.invoke.DirectMethodHandle$Holder.invokeStaticInit(java.lang.Object, java.lang.Object, int, java.lang.Object)'> (0x00000000ccdb4588) 
thrown [s\open\src\hotspot\share\interpreter\linkResolver.cpp, line 759]
Event: 7.425 Thread 0x0000012aeaa2c1c0 Exception <a 'java/lang/IncompatibleClassChangeError'{0x00000000ccb24878}: Found class java.lang.Object, but interface was expected> (0x00000000ccb24878) 
thrown [s\open\src\hotspot\share\interpreter\linkResolver.cpp, line 826]
Event: 7.718 Thread 0x0000012aebcd4200 Exception <a 'java/lang/reflect/InvocationTargetException'{0x00000000cc3018c0}> (0x00000000cc3018c0) 
thrown [s\open\src\hotspot\share\runtime\reflection.cpp, line 1121]
Event: 8.069 Thread 0x0000012aeaa2c1c0 Exception <a 'java/lang/NoSuchMethodError'{0x00000000cc605198}: 'int java.lang.invoke.DirectMethodHandle$Holder.invokeStatic(java.lang.Object, java.lang.Object, java.lang.Object, java.lang.Object, java.lang.Object)'> (0x00000000cc605198) 
thrown [s\open\src\hotspot\share\interpreter\linkResolver.cpp, line 759]
Event: 8.070 Thread 0x0000012aeaa2c1c0 Exception <a 'java/lang/NoSuchMethodError'{0x00000000cc6193c8}: 'java.lang.Object java.lang.invoke.DirectMethodHandle$Holder.newInvokeSpecial(java.lang.Object, java.lang.Object, java.lang.Object, java.lang.Object, java.lang.Object, java.lang.Object, java.lang.Object)'> (0x00000000cc6193c8) 
thrown [s\open\src\hotspot\share\interpreter\linkResolver.cpp, line 759]
Event: 8.123 Thread 0x0000012aeaa2c1c0 Exception <a 'java/lang/NoSuchMethodError'{0x00000000cd7299f8}: 'java.lang.Object java.lang.invoke.DirectMethodHandle$Holder.newInvokeSpecial(java.lang.Object, java.lang.Object, int, java.lang.Object, int, java.lang.Object, java.lang.Object, java.lang.Object)'> (0x00000000cd7299f8) 
thrown [s\open\src\hotspot\share\interpreter\linkResolver.cpp, line 759]
Event: 8.124 Thread 0x0000012aeaa2c1c0 Exception <a 'java/lang/NoSuchMethodError'{0x00000000cd737158}: 'int java.lang.invoke.DirectMethodHandle$Holder.invokeSpecial(java.lang.Object, java.lang.Object, java.lang.Object, java.lang.Object, java.lang.Object, java.lang.Object)'> (0x00000000cd737158) 
thrown [s\open\src\hotspot\share\interpreter\linkResolver.cpp, line 759]
Event: 8.136 Thread 0x0000012aeaa2c1c0 Exception <a 'java/lang/NoSuchMethodError'{0x00000000cd7916e0}: 'java.lang.Object java.lang.invoke.DirectMethodHandle$Holder.newInvokeSpecial(java.lang.Object, java.lang.Object, java.lang.Object, java.lang.Object, java.lang.Object, java.lang.Object, java.lang.Object, int)'> (0x00000000cd7916e0) 
thrown [s\open\src\hotspot\share\interpreter\linkResolver.cpp, line 759]
Event: 8.136 Thread 0x0000012aeaa2c1c0 Exception <a 'java/lang/NoSuchMethodError'{0x00000000cd796ed0}: 'java.lang.Object java.lang.invoke.DirectMethodHandle$Holder.invokeSpecial(java.lang.Object, java.lang.Object, java.lang.Object, java.lang.Object, java.lang.Object, java.lang.Object, java.lang.Object, java.lang.Object, int)'> (0x00000000cd796ed0) 
thrown [s\open\src\hotspot\share\interpreter\linkResolver.cpp, line 759]
Event: 8.173 Thread 0x0000012aeaa2c1c0 Exception <a 'java/lang/NoSuchMethodError'{0x00000000cd2f8640}: 'void java.lang.invoke.DirectMethodHandle$Holder.invokeInterface(java.lang.Object, java.lang.Object)'> (0x00000000cd2f8640) 
thrown [s\open\src\hotspot\share\interpreter\linkResolver.cpp, line 759]
Event: 8.227 Thread 0x0000012aebcd4200 Exception <a 'java/lang/reflect/InvocationTargetException'{0x00000000ccfb7d18}> (0x00000000ccfb7d18) 
thrown [s\open\src\hotspot\share\runtime\reflection.cpp, line 1121]

VM Operations (20 events):
Event: 6.056 Executing VM operation: HandshakeAllThreads
Event: 6.056 Executing VM operation: HandshakeAllThreads done
Event: 6.064 Executing VM operation: HandshakeAllThreads
Event: 6.064 Executing VM operation: HandshakeAllThreads done
Event: 6.492 Executing VM operation: G1CollectForAllocation
Event: 6.496 Executing VM operation: G1CollectForAllocation done
Event: 7.157 Executing VM operation: G1CollectForAllocation
Event: 7.163 Executing VM operation: G1CollectForAllocation done
Event: 7.758 Executing VM operation: G1CollectForAllocation
Event: 7.762 Executing VM operation: G1CollectForAllocation done
Event: 7.883 Executing VM operation: HandshakeAllThreads
Event: 7.883 Executing VM operation: HandshakeAllThreads done
Event: 7.993 Executing VM operation: ICBufferFull
Event: 7.993 Executing VM operation: ICBufferFull done
Event: 8.115 Executing VM operation: G1CollectForAllocation
Event: 8.118 Executing VM operation: G1CollectForAllocation done
Event: 8.137 Executing VM operation: G1Concurrent
Event: 8.141 Executing VM operation: G1Concurrent done
Event: 8.149 Executing VM operation: G1Concurrent
Event: 8.153 Executing VM operation: G1Concurrent done

Events (20 events):
Event: 6.957 loading class javax/naming/RefAddr done
Event: 6.957 loading class javax/naming/StringRefAddr
Event: 6.957 loading class javax/naming/StringRefAddr done
Event: 7.003 loading class java/util/concurrent/CompletionStage
Event: 7.004 loading class java/util/concurrent/CompletionStage done
Event: 7.005 loading class java/util/concurrent/CompletableFuture
Event: 7.007 loading class java/util/concurrent/CompletableFuture done
Event: 7.007 loading class java/util/concurrent/CompletableFuture$AltResult
Event: 7.008 loading class java/util/concurrent/CompletableFuture$AltResult done
Event: 7.012 loading class java/util/concurrent/CompletableFuture$Completion
Event: 7.013 loading class java/util/concurrent/CompletableFuture$AsynchronousCompletionTask
Event: 7.013 loading class java/util/concurrent/CompletableFuture$AsynchronousCompletionTask done
Event: 7.015 loading class java/util/concurrent/CompletableFuture$Completion done
Event: 7.199 Thread 0x0000012aecb31050 Thread added: 0x0000012aecb31050
Event: 7.208 Thread 0x0000012aecb31050 Thread exited: 0x0000012aecb31050
Event: 7.242 loading class java/util/concurrent/CancellationException
Event: 7.242 loading class java/util/concurrent/CancellationException done
Event: 7.712 Thread 0x0000012aecb306b0 Thread added: 0x0000012aecb306b0
Event: 7.719 Thread 0x0000012aecb306b0 Thread exited: 0x0000012aecb306b0
Event: 8.223 Thread 0x0000012aecb306b0 Thread added: 0x0000012aecb306b0


Dynamic libraries:
0x00007ff7b0050000 - 0x00007ff7b0060000 	C:\Program Files\Java\jdk-17\bin\java.exe
0x00007ffbced10000 - 0x00007ffbcef08000 	C:\windows\SYSTEM32\ntdll.dll
0x00007ffb9ce50000 - 0x00007ffb9ce69000 	C:\Program Files\Avast Software\Avast\aswhook.dll
0x00007ffbcd100000 - 0x00007ffbcd1bd000 	C:\windows\System32\KERNEL32.DLL
0x00007ffbcc8d0000 - 0x00007ffbccbc6000 	C:\windows\System32\KERNELBASE.dll
0x00007ffbcc7d0000 - 0x00007ffbcc8d0000 	C:\windows\System32\ucrtbase.dll
0x00007ffbaa2a0000 - 0x00007ffbaa2b8000 	C:\Program Files\Java\jdk-17\bin\jli.dll
0x00007ffbaa260000 - 0x00007ffbaa27b000 	C:\Program Files\Java\jdk-17\bin\VCRUNTIME140.dll
0x00007ffbcd4a0000 - 0x00007ffbcd553000 	C:\windows\System32\ADVAPI32.dll
0x00007ffbcd380000 - 0x00007ffbcd41e000 	C:\windows\System32\msvcrt.dll
0x00007ffbccd80000 - 0x00007ffbcce1f000 	C:\windows\System32\sechost.dll
0x00007ffbccfd0000 - 0x00007ffbcd0f6000 	C:\windows\System32\RPCRT4.dll
0x00007ffbcc7a0000 - 0x00007ffbcc7c7000 	C:\windows\System32\bcrypt.dll
0x00007ffbce640000 - 0x00007ffbce7de000 	C:\windows\System32\USER32.dll
0x00007ffbcc3e0000 - 0x00007ffbcc402000 	C:\windows\System32\win32u.dll
0x00007ffba81a0000 - 0x00007ffba843a000 	C:\windows\WinSxS\amd64_microsoft.windows.common-controls_6595b64144ccf1df_6.0.19041.3636_none_60b6a03d71f818d5\COMCTL32.dll
0x00007ffbce840000 - 0x00007ffbce86c000 	C:\windows\System32\GDI32.dll
0x00007ffbcc4b0000 - 0x00007ffbcc5ca000 	C:\windows\System32\gdi32full.dll
0x00007ffbcc410000 - 0x00007ffbcc4ad000 	C:\windows\System32\msvcp_win.dll
0x00007ffbc3320000 - 0x00007ffbc332a000 	C:\windows\SYSTEM32\VERSION.dll
0x00007ffbcd350000 - 0x00007ffbcd380000 	C:\windows\System32\IMM32.DLL
0x00007ffba6980000 - 0x00007ffba698c000 	C:\Program Files\Java\jdk-17\bin\vcruntime140_1.dll
0x00007ffba68f0000 - 0x00007ffba697e000 	C:\Program Files\Java\jdk-17\bin\msvcp140.dll
0x00007ffba5d10000 - 0x00007ffba68e7000 	C:\Program Files\Java\jdk-17\bin\server\jvm.dll
0x00007ffbcd420000 - 0x00007ffbcd428000 	C:\windows\System32\PSAPI.DLL
0x00007ffbb42c0000 - 0x00007ffbb42c9000 	C:\windows\SYSTEM32\WSOCK32.dll
0x00007ffbc32f0000 - 0x00007ffbc3317000 	C:\windows\SYSTEM32\WINMM.dll
0x00007ffbcea40000 - 0x00007ffbceaab000 	C:\windows\System32\WS2_32.dll
0x00007ffbca230000 - 0x00007ffbca242000 	C:\windows\SYSTEM32\kernel.appcore.dll
0x00007ffba5a20000 - 0x00007ffba5a2a000 	C:\Program Files\Java\jdk-17\bin\jimage.dll
0x00007ffbb8b50000 - 0x00007ffbb8d34000 	C:\windows\SYSTEM32\DBGHELP.DLL
0x00007ffbb8160000 - 0x00007ffbb8194000 	C:\windows\SYSTEM32\dbgcore.DLL
0x00007ffbccc80000 - 0x00007ffbccd02000 	C:\windows\System32\bcryptPrimitives.dll
0x00007ffbc5d60000 - 0x00007ffbc5d6e000 	C:\Program Files\Java\jdk-17\bin\instrument.dll
0x00007ffba5500000 - 0x00007ffba5525000 	C:\Program Files\Java\jdk-17\bin\java.dll
0x00007ffba5420000 - 0x00007ffba54f7000 	C:\Program Files\Java\jdk-17\bin\jsvml.dll
0x00007ffbcd630000 - 0x00007ffbcdd75000 	C:\windows\System32\SHELL32.dll
0x00007ffbca450000 - 0x00007ffbcabeb000 	C:\windows\SYSTEM32\windows.storage.dll
0x00007ffbcdd80000 - 0x00007ffbce0d4000 	C:\windows\System32\combase.dll
0x00007ffbcbda0000 - 0x00007ffbcbdcd000 	C:\windows\SYSTEM32\Wldp.dll
0x00007ffbcd2a0000 - 0x00007ffbcd34d000 	C:\windows\System32\SHCORE.dll
0x00007ffbce7e0000 - 0x00007ffbce835000 	C:\windows\System32\shlwapi.dll
0x00007ffbcc310000 - 0x00007ffbcc335000 	C:\windows\SYSTEM32\profapi.dll
0x00007ffba4e70000 - 0x00007ffba4e88000 	C:\Program Files\Java\jdk-17\bin\zip.dll
0x00007ffba4eb0000 - 0x00007ffba4ec9000 	C:\Program Files\Java\jdk-17\bin\net.dll
0x00007ffbc6150000 - 0x00007ffbc625a000 	C:\windows\SYSTEM32\WINHTTP.dll
0x00007ffbcbaa0000 - 0x00007ffbcbb0a000 	C:\windows\system32\mswsock.dll
0x00007ffba4e90000 - 0x00007ffba4ea6000 	C:\Program Files\Java\jdk-17\bin\nio.dll
0x00007ffbc5b40000 - 0x00007ffbc5b5a000 	C:\Program Files\JetBrains\IntelliJ IDEA 2023.1.4\bin\breakgen64.dll
0x00007ffbcb7d0000 - 0x00007ffbcb89a000 	C:\windows\SYSTEM32\DNSAPI.dll
0x00007ffbcb790000 - 0x00007ffbcb7cb000 	C:\windows\SYSTEM32\IPHLPAPI.DLL
0x00007ffbce630000 - 0x00007ffbce638000 	C:\windows\System32\NSI.dll
0x00007ffbc07a0000 - 0x00007ffbc07aa000 	C:\Windows\System32\rasadhlp.dll
0x00007ffbc0250000 - 0x00007ffbc02d0000 	C:\windows\System32\fwpuclnt.dll
0x00007ffb9d0f0000 - 0x00007ffb9d0fa000 	C:\Program Files\Java\jdk-17\bin\management.dll
0x00007ffb9d0e0000 - 0x00007ffb9d0eb000 	C:\Program Files\Java\jdk-17\bin\management_ext.dll
0x00007ffbcbca0000 - 0x00007ffbcbcb8000 	C:\windows\SYSTEM32\CRYPTSP.dll
0x00007ffbcb3d0000 - 0x00007ffbcb404000 	C:\windows\system32\rsaenh.dll
0x00007ffbcc2d0000 - 0x00007ffbcc2fe000 	C:\windows\SYSTEM32\USERENV.dll
0x00007ffbcbc90000 - 0x00007ffbcbc9c000 	C:\windows\SYSTEM32\CRYPTBASE.dll
0x00007ffbc0880000 - 0x00007ffbc0897000 	C:\windows\SYSTEM32\dhcpcsvc6.DLL
0x00007ffbc07d0000 - 0x00007ffbc07ed000 	C:\windows\SYSTEM32\dhcpcsvc.DLL
0x00007ffbaafc0000 - 0x00007ffbaafd7000 	C:\windows\system32\napinsp.dll
0x00007ffbaafa0000 - 0x00007ffbaafbb000 	C:\windows\system32\pnrpnsp.dll
0x00007ffbc6370000 - 0x00007ffbc6385000 	C:\windows\system32\wshbth.dll
0x00007ffbc7cf0000 - 0x00007ffbc7d0d000 	C:\windows\system32\NLAapi.dll
0x00007ffbaaf80000 - 0x00007ffbaaf92000 	C:\windows\System32\winrnr.dll
0x00007ffb9fe20000 - 0x00007ffb9fe30000 	C:\Program Files\Java\jdk-17\bin\verify.dll
0x00007ffba02d0000 - 0x00007ffba02dd000 	C:\Program Files\Java\jdk-17\bin\sunmscapi.dll
0x00007ffbcc5d0000 - 0x00007ffbcc72d000 	C:\windows\System32\CRYPT32.dll
0x00007ffbcbe10000 - 0x00007ffbcbe38000 	C:\windows\SYSTEM32\ncrypt.dll
0x00007ffbcbdd0000 - 0x00007ffbcbe0b000 	C:\windows\SYSTEM32\NTASN1.dll

dbghelp: loaded successfully - version: 4.0.5 - missing functions: none
symbol engine: initialized successfully - sym options: 0x614 - pdb path: .;C:\Program Files\Java\jdk-17\bin;C:\windows\SYSTEM32;C:\Program Files\Avast Software\Avast;C:\windows\WinSxS\amd64_microsoft.windows.common-controls_6595b64144ccf1df_6.0.19041.3636_none_60b6a03d71f818d5;C:\Program Files\Java\jdk-17\bin\server;C:\Program Files\JetBrains\IntelliJ IDEA 2023.1.4\bin

VM Arguments:
jvm_args: -XX:TieredStopAtLevel=1 -Dspring.output.ansi.enabled=always -Dcom.sun.management.jmxremote -Dspring.jmx.enabled=true -Dspring.liveBeansView.mbeanDomain -Dspring.application.admin.enabled=true -Dmanagement.endpoints.jmx.exposure.include=* -javaagent:C:\Program Files\JetBrains\IntelliJ IDEA 2023.1.4\lib\idea_rt.jar=49959:C:\Program Files\JetBrains\IntelliJ IDEA 2023.1.4\bin -Dfile.encoding=UTF-8 
java_command: com.master.trainingcentermanagement.TrainingCenterManagementApplication
java_class_path (initial): C:\Users\hp\IdeaProjects\ultimate\Training-Center-Management\Training-Center-Management\target\classes;C:\Users\hp\.m2\repository\org\springframework\boot\spring-boot-starter-data-jpa\3.0.5\spring-boot-starter-data-jpa-3.0.5.jar;C:\Users\hp\.m2\repository\org\springframework\boot\spring-boot-starter-aop\3.0.5\spring-boot-starter-aop-3.0.5.jar;C:\Users\hp\.m2\repository\org\aspectj\aspectjweaver\1.9.19\aspectjweaver-1.9.19.jar;C:\Users\hp\.m2\repository\org\springframework\boot\spring-boot-starter-jdbc\3.0.5\spring-boot-starter-jdbc-3.0.5.jar;C:\Users\hp\.m2\repository\com\zaxxer\HikariCP\5.0.1\HikariCP-5.0.1.jar;C:\Users\hp\.m2\repository\org\springframework\spring-jdbc\6.0.7\spring-jdbc-6.0.7.jar;C:\Users\hp\.m2\repository\org\hibernate\orm\hibernate-core\6.1.7.Final\hibernate-core-6.1.7.Final.jar;C:\Users\hp\.m2\repository\jakarta\persistence\jakarta.persistence-api\3.1.0\jakarta.persistence-api-3.1.0.jar;C:\Users\hp\.m2\repository\jakarta\transaction\jakarta.transaction-api\2.0.1\jakarta.transaction-api-2.0.1.jar;C:\Users\hp\.m2\repository\org\jboss\logging\jboss-logging\3.5.0.Final\jboss-logging-3.5.0.Final.jar;C:\Users\hp\.m2\repository\org\hibernate\common\hibernate-commons-annotations\6.0.6.Final\hibernate-commons-annotations-6.0.6.Final.jar;C:\Users\hp\.m2\repository\org\jboss\jandex\2.4.2.Final\jandex-2.4.2.Final.jar;C:\Users\hp\.m2\repository\com\fasterxml\classmate\1.5.1\classmate-1.5.1.jar;C:\Users\hp\.m2\repository\net\bytebuddy\byte-buddy\1.12.23\byte-buddy-1.12.23.jar;C:\Users\hp\.m2\repository\org\glassfish\jaxb\jaxb-runtime\4.0.2\jaxb-runtime-4.0.2.jar;C:\Users\hp\.m2\repository\org\glassfish\jaxb\jaxb-core\4.0.2\jaxb-core-4.0.2.jar;C:\Users\hp\.m2\repository\org\eclipse\angus\angus-activation\2.0.0\angus-activation-2.0.0.jar;C:\Users\hp\.m2\repository\org\glassfish\jaxb\txw2\4.0.2\txw2-4.0.2.jar;C:\Users\hp\.m2\repository\com\sun\istack\istack-commons-runtime\4.1.1\istack-commons-runtime-4.1.1.jar;C:\Users\hp\.m2\reposi
Launcher Type: SUN_STANDARD

[Global flags]
     intx CICompilerCount                          = 3                                         {product} {ergonomic}
     uint ConcGCThreads                            = 2                                         {product} {ergonomic}
     uint G1ConcRefinementThreads                  = 6                                         {product} {ergonomic}
   size_t G1HeapRegionSize                         = 1048576                                   {product} {ergonomic}
    uintx GCDrainStackTargetSize                   = 64                                        {product} {ergonomic}
   size_t InitialHeapSize                          = 56623104                                  {product} {ergonomic}
     bool ManagementServer                         = true                                      {product} {command line}
   size_t MarkStackSize                            = 4194304                                   {product} {ergonomic}
   size_t MaxHeapSize                              = 903872512                                 {product} {ergonomic}
   size_t MaxNewSize                               = 542113792                                 {product} {ergonomic}
   size_t MinHeapDeltaBytes                        = 1048576                                   {product} {ergonomic}
   size_t MinHeapSize                              = 8388608                                   {product} {ergonomic}
    uintx NonProfiledCodeHeapSize                  = 0                                      {pd product} {ergonomic}
     bool ProfileInterpreter                       = false                                  {pd product} {command line}
    uintx ProfiledCodeHeapSize                     = 0                                      {pd product} {ergonomic}
   size_t SoftMaxHeapSize                          = 903872512                              {manageable} {ergonomic}
     intx TieredStopAtLevel                        = 1                                         {product} {command line}
     bool UseCompressedClassPointers               = true                           {product lp64_product} {ergonomic}
     bool UseCompressedOops                        = true                           {product lp64_product} {ergonomic}
     bool UseG1GC                                  = true                                      {product} {ergonomic}
     bool UseLargePagesIndividualAllocation        = false                                  {pd product} {ergonomic}

Logging:
Log output configuration:
 #0: stdout all=warning uptime,level,tags
 #1: stderr all=off uptime,level,tags

Environment Variables:
JAVA_HOME=C:\Program Files\Java\jdk-17
PATH=C:\Program Files\Common Files\Oracle\Java\javapath;C:\Program Files (x86)\Common Files\Oracle\Java\javapath;C:\ProgramData\Oracle\Java\javapath;C:\windows\system32;C:\windows;C:\windows\System32\Wbem;C:\windows\System32\WindowsPowerShell\v1.0\;C:\windows\System32\OpenSSH\;C:\Program Files (x86)\dotnet\;C:\xampp\php;C:\ProgramData\ComposerSetup\bin;C:\Program Files\nodejs\;C:\Program Files\Git\cmd;C:\MinGW\bin;C:\Program Files\Microsoft SQL Server\150\Tools\Binn\;C:\Program Files\dotnet\;C:\Program Files\Java\jdk-17\bin;C:\Program Files\Docker\Docker\resources\bin;C:\Program Files\MongoDB\Server\6.0\bin;C:\mongosh\bin;C:\sqlite;C:\Users\hp\AppData\Local\Programs\Python\Python38\Scripts\;C:\Users\hp\AppData\Local\Programs\Python\Python38\;C:\Users\hp\AppData\Local\Microsoft\WindowsApps;C:\Users\hp\AppData\Local\Programs\Microsoft VS Code\bin;C:\Users\hp\AppData\Roaming\Composer\vendor\bin;C:\Users\hp\AppData\Roaming\npm;C:\MinGW\bin;C:\Users\hp\.dotnet\tools;C:\Program Files\JetBrains\IntelliJ IDEA 2023.1.4\bin;
USERNAME=hp
OS=Windows_NT
PROCESSOR_IDENTIFIER=AMD64 Family 23 Model 96 Stepping 1, AuthenticAMD



---------------  S Y S T E M  ---------------

OS:
 Windows 10 , 64 bit Build 19041 (10.0.19041.3636)
OS uptime: 0 days 9:29 hours
Hyper-V role detected

CPU: total 6 (initial active 6) (6 cores per cpu, 1 threads per core) family 23 model 96 stepping 1 microcode 0x0, cx8, cmov, fxsr, mmx, 3dnowpref, sse, sse2, sse3, ssse3, sse4a, sse4.1, sse4.2, popcnt, lzcnt, tsc, tscinvbit, avx, avx2, aes, clmul, bmi1, bmi2, adx, sha, fma, vzeroupper, clflush, clflushopt, hv

Memory: 4k page, system-wide physical 3442M (328M free)
TotalPageFile size 14194M (AvailPageFile size 1M)
current process WorkingSet (physical memory assigned to process): 134M, peak: 144M
current process commit charge ("private bytes"): 210M, peak: 210M

vm_info: Java HotSpot(TM) 64-Bit Server VM (17.0.6+9-LTS-190) for windows-amd64 JRE (17.0.6+9-LTS-190), built on Dec  6 2022 15:53:54 by "mach5one" with MS VC++ 17.1 (VS2022)

END.
